============================= test session starts ==============================
platform darwin -- Python 3.11.7, pytest-7.4.4, pluggy-1.5.0 -- /Users/ilessio/dev-agents/mode_hack/goat/python_goat/.venv/bin/python
cachedir: .pytest_cache
rootdir: /Users/ilessio/dev-agents/mode_hack/goat/python_goat
configfile: pyproject.toml
plugins: anchorpy-0.18.0, asyncio-0.21.0, xprocess-0.18.1, cov-4.1.0, web3-6.11.3, anyio-3.7.1, timeout-2.3.1, mock-3.14.0, xdist-3.6.1
asyncio: mode=Mode.AUTO
collecting ... 
----------------------------- live log collection ------------------------------
DEBUG    spl_token.test_spl_token_plugin:test_spl_token_plugin.py:38 Initialized mock tokens for testing
DEBUG    spl_token.test_spl_token_plugin:test_spl_token_plugin.py:40 Mock token: USDC (USD Coin)
DEBUG    spl_token.test_spl_token_plugin:test_spl_token_plugin.py:41   Mint addresses: {<SolanaNetwork.MAINNET: 'mainnet'>: 'EPjFWdd5AufqSSqeM2qN1xzybapC8G4wEGGkZwyTDt1v', <SolanaNetwork.DEVNET: 'devnet'>: '4zMMC9srt5Ri5X14GAgXhaHii3GnPAEERYPJgZJDncDU'}
DEBUG    spl_token.test_spl_token_plugin:test_spl_token_plugin.py:42   Logo URI: https://raw.githubusercontent.com/solana-labs/token-list/main/assets/mainnet/EPjFWdd5AufqSSqeM2qN1xzybapC8G4wEGGkZwyTDt1v/logo.png
DEBUG    spl_token.test_spl_token_plugin:test_spl_token_plugin.py:40 Mock token: SOL (Solana)
DEBUG    spl_token.test_spl_token_plugin:test_spl_token_plugin.py:41   Mint addresses: {<SolanaNetwork.MAINNET: 'mainnet'>: 'So11111111111111111111111111111111111111112', <SolanaNetwork.DEVNET: 'devnet'>: 'So11111111111111111111111111111111111111112'}
DEBUG    spl_token.test_spl_token_plugin:test_spl_token_plugin.py:42   Logo URI: https://raw.githubusercontent.com/solana-labs/token-list/main/assets/mainnet/So11111111111111111111111111111111111111112/logo.png
collected 35 items

tests/plugins/spl_token/test_monitoring.py::test_validate_network 
-------------------------------- live log setup --------------------------------
DEBUG    asyncio:selector_events.py:54 Using selector: KqueueSelector
DEBUG    asyncio:selector_events.py:54 Using selector: KqueueSelector
PASSED
------------------------------ live log teardown -------------------------------
DEBUG    asyncio:selector_events.py:54 Using selector: KqueueSelector

tests/plugins/spl_token/test_monitoring.py::test_min_transfer_validation 
-------------------------------- live log setup --------------------------------
DEBUG    asyncio:selector_events.py:54 Using selector: KqueueSelector
PASSED
------------------------------ live log teardown -------------------------------
DEBUG    asyncio:selector_events.py:54 Using selector: KqueueSelector

tests/plugins/spl_token/test_monitoring.py::test_trace_operation 
-------------------------------- live log setup --------------------------------
DEBUG    asyncio:selector_events.py:54 Using selector: KqueueSelector
-------------------------------- live log call ---------------------------------
INFO     goat_sdk.plugins.spl_token.monitoring:monitoring.py:67 [test_operation][trace_operation] Starting operation
DEBUG    goat_sdk.plugins.spl_token.monitoring:monitoring.py:68 [test_operation][trace_operation] Function: mock_func
DEBUG    goat_sdk.plugins.spl_token.monitoring:monitoring.py:69 [test_operation][trace_operation] Args: (<MagicMock id='4822050704'>,)
DEBUG    goat_sdk.plugins.spl_token.monitoring:monitoring.py:70 [test_operation][trace_operation] Kwargs: {'mode_config': ModeConfig(retry_attempts=3, retry_on_not_found=True, raise_on_error=True, network_validation=True, min_transfer_validation=True)}
DEBUG    goat_sdk.plugins.spl_token.monitoring:monitoring.py:74 [test_operation][trace_operation] Executing function
DEBUG    goat_sdk.plugins.spl_token.monitoring:monitoring.py:76 [test_operation][trace_operation] Function completed successfully
PASSED
------------------------------ live log teardown -------------------------------
DEBUG    asyncio:selector_events.py:54 Using selector: KqueueSelector

tests/plugins/spl_token/test_monitoring.py::test_with_retries 
-------------------------------- live log setup --------------------------------
DEBUG    asyncio:selector_events.py:54 Using selector: KqueueSelector
-------------------------------- live log call ---------------------------------
INFO     goat_sdk.plugins.spl_token.monitoring:monitoring.py:100 [test_operation][with_retries] Starting retry wrapper
DEBUG    goat_sdk.plugins.spl_token.monitoring:monitoring.py:101 [test_operation][with_retries] Max attempts: 3
DEBUG    goat_sdk.plugins.spl_token.monitoring:monitoring.py:102 [test_operation][with_retries] Non-retryable exceptions: (<class 'goat_sdk.plugins.spl_token.exceptions.TokenTransferError'>, <class 'goat_sdk.plugins.spl_token.exceptions.TokenNotFoundError'>, <class 'goat_sdk.plugins.spl_token.exceptions.InvalidTokenAddressError'>)
DEBUG    goat_sdk.plugins.spl_token.monitoring:monitoring.py:110 [test_operation][with_retries] Attempt 1/3
ERROR    goat_sdk.plugins.spl_token.monitoring:monitoring.py:51 [test_operation][with_retries] Error in attempt 1
ERROR    goat_sdk.plugins.spl_token.monitoring:monitoring.py:52 [test_operation][with_retries] Error type: <class 'Exception'>
ERROR    goat_sdk.plugins.spl_token.monitoring:monitoring.py:53 [test_operation][with_retries] Error message: Retry 1
ERROR    goat_sdk.plugins.spl_token.monitoring:monitoring.py:54 [test_operation][with_retries] Error attributes: {}
ERROR    goat_sdk.plugins.spl_token.monitoring:monitoring.py:56 [test_operation][with_retries] Caused by: None
ERROR    goat_sdk.plugins.spl_token.monitoring:monitoring.py:58 [test_operation][with_retries] Context: None
ERROR    goat_sdk.plugins.spl_token.monitoring:monitoring.py:59 [test_operation][with_retries] Error traceback:
Traceback (most recent call last):
  File "/Users/ilessio/dev-agents/mode_hack/goat/python_goat/goat_sdk/plugins/spl_token/monitoring.py", line 111, in wrapper
    result = await func(*args, **kwargs)
             ^^^^^^^^^^^^^^^^^^^^^^^^^^^
  File "/Users/ilessio/.pyenv/versions/3.11.7/lib/python3.11/unittest/mock.py", line 2246, in _execute_mock_call
    raise result
Exception: Retry 1
WARNING  goat_sdk.plugins.spl_token.monitoring:monitoring.py:122 [test_operation][with_retries] Retrying in 1.00s...
DEBUG    goat_sdk.plugins.spl_token.monitoring:monitoring.py:110 [test_operation][with_retries] Attempt 2/3
ERROR    goat_sdk.plugins.spl_token.monitoring:monitoring.py:51 [test_operation][with_retries] Error in attempt 2
ERROR    goat_sdk.plugins.spl_token.monitoring:monitoring.py:52 [test_operation][with_retries] Error type: <class 'Exception'>
ERROR    goat_sdk.plugins.spl_token.monitoring:monitoring.py:53 [test_operation][with_retries] Error message: Retry 2
ERROR    goat_sdk.plugins.spl_token.monitoring:monitoring.py:54 [test_operation][with_retries] Error attributes: {}
ERROR    goat_sdk.plugins.spl_token.monitoring:monitoring.py:56 [test_operation][with_retries] Caused by: None
ERROR    goat_sdk.plugins.spl_token.monitoring:monitoring.py:58 [test_operation][with_retries] Context: None
ERROR    goat_sdk.plugins.spl_token.monitoring:monitoring.py:59 [test_operation][with_retries] Error traceback:
Traceback (most recent call last):
  File "/Users/ilessio/dev-agents/mode_hack/goat/python_goat/goat_sdk/plugins/spl_token/monitoring.py", line 111, in wrapper
    result = await func(*args, **kwargs)
             ^^^^^^^^^^^^^^^^^^^^^^^^^^^
  File "/Users/ilessio/.pyenv/versions/3.11.7/lib/python3.11/unittest/mock.py", line 2246, in _execute_mock_call
    raise result
Exception: Retry 2
WARNING  goat_sdk.plugins.spl_token.monitoring:monitoring.py:122 [test_operation][with_retries] Retrying in 2.00s...
DEBUG    goat_sdk.plugins.spl_token.monitoring:monitoring.py:110 [test_operation][with_retries] Attempt 3/3
DEBUG    goat_sdk.plugins.spl_token.monitoring:monitoring.py:112 [test_operation][with_retries] Attempt 3 succeeded
PASSED
------------------------------ live log teardown -------------------------------
DEBUG    asyncio:selector_events.py:54 Using selector: KqueueSelector

tests/plugins/spl_token/test_monitoring.py::test_monitor_mode_performance 
-------------------------------- live log setup --------------------------------
DEBUG    asyncio:selector_events.py:54 Using selector: KqueueSelector
PASSED
------------------------------ live log teardown -------------------------------
DEBUG    asyncio:selector_events.py:54 Using selector: KqueueSelector

tests/plugins/spl_token/test_monitoring.py::test_error_monitoring 
-------------------------------- live log setup --------------------------------
DEBUG    asyncio:selector_events.py:54 Using selector: KqueueSelector
-------------------------------- live log call ---------------------------------
INFO     goat_sdk.plugins.spl_token.monitoring:monitoring.py:139 [mock_func][monitor_mode_performance] Starting monitoring
DEBUG    goat_sdk.plugins.spl_token.monitoring:monitoring.py:143 [mock_func][monitor_mode_performance] Network: testnet
DEBUG    goat_sdk.plugins.spl_token.monitoring:monitoring.py:144 [mock_func][monitor_mode_performance] Mode config: retry_attempts=3 retry_on_not_found=True raise_on_error=True network_validation=True min_transfer_validation=True
ERROR    goat_sdk.plugins.spl_token.monitoring:monitoring.py:51 [mock_func][monitor_mode_performance] Error in performance monitoring
ERROR    goat_sdk.plugins.spl_token.monitoring:monitoring.py:52 [mock_func][monitor_mode_performance] Error type: <class 'Exception'>
ERROR    goat_sdk.plugins.spl_token.monitoring:monitoring.py:53 [mock_func][monitor_mode_performance] Error message: Test error
ERROR    goat_sdk.plugins.spl_token.monitoring:monitoring.py:54 [mock_func][monitor_mode_performance] Error attributes: {}
ERROR    goat_sdk.plugins.spl_token.monitoring:monitoring.py:56 [mock_func][monitor_mode_performance] Caused by: None
ERROR    goat_sdk.plugins.spl_token.monitoring:monitoring.py:58 [mock_func][monitor_mode_performance] Context: None
ERROR    goat_sdk.plugins.spl_token.monitoring:monitoring.py:59 [mock_func][monitor_mode_performance] Error traceback:
Traceback (most recent call last):
  File "/Users/ilessio/dev-agents/mode_hack/goat/python_goat/goat_sdk/plugins/spl_token/monitoring.py", line 148, in wrapper
    result = await func(*args, **kwargs)
             ^^^^^^^^^^^^^^^^^^^^^^^^^^^
  File "/Users/ilessio/dev-agents/mode_hack/goat/python_goat/tests/plugins/spl_token/test_monitoring.py", line 105, in mock_func
    raise Exception("Test error")
Exception: Test error
PASSED
------------------------------ live log teardown -------------------------------
DEBUG    asyncio:selector_events.py:54 Using selector: KqueueSelector

tests/plugins/spl_token/test_monitoring.py::test_mode_validation_metrics 
-------------------------------- live log setup --------------------------------
DEBUG    asyncio:selector_events.py:54 Using selector: KqueueSelector
PASSED
------------------------------ live log teardown -------------------------------
DEBUG    asyncio:selector_events.py:54 Using selector: KqueueSelector

tests/plugins/spl_token/test_monitoring.py::test_mode_performance_metrics 
-------------------------------- live log setup --------------------------------
DEBUG    asyncio:selector_events.py:54 Using selector: KqueueSelector
-------------------------------- live log call ---------------------------------
INFO     goat_sdk.plugins.spl_token.monitoring:monitoring.py:139 [test_func][monitor_mode_performance] Starting monitoring
DEBUG    goat_sdk.plugins.spl_token.monitoring:monitoring.py:143 [test_func][monitor_mode_performance] Network: testnet
DEBUG    goat_sdk.plugins.spl_token.monitoring:monitoring.py:144 [test_func][monitor_mode_performance] Mode config: retry_attempts=3 retry_on_not_found=True raise_on_error=True network_validation=True min_transfer_validation=True
DEBUG    goat_sdk.plugins.spl_token.monitoring:monitoring.py:150 [test_func][monitor_mode_performance] Operation completed in 0.000s
PASSED
------------------------------ live log teardown -------------------------------
DEBUG    asyncio:selector_events.py:54 Using selector: KqueueSelector

tests/plugins/spl_token/test_monitoring.py::test_validate_network_success 
-------------------------------- live log setup --------------------------------
DEBUG    asyncio:selector_events.py:54 Using selector: KqueueSelector
PASSED
------------------------------ live log teardown -------------------------------
DEBUG    asyncio:selector_events.py:54 Using selector: KqueueSelector

tests/plugins/spl_token/test_monitoring.py::test_validate_network_health_failure 
-------------------------------- live log setup --------------------------------
DEBUG    asyncio:selector_events.py:54 Using selector: KqueueSelector
PASSED
------------------------------ live log teardown -------------------------------
DEBUG    asyncio:selector_events.py:54 Using selector: KqueueSelector

tests/plugins/spl_token/test_monitoring.py::test_validate_network_version_failure 
-------------------------------- live log setup --------------------------------
DEBUG    asyncio:selector_events.py:54 Using selector: KqueueSelector
PASSED
------------------------------ live log teardown -------------------------------
DEBUG    asyncio:selector_events.py:54 Using selector: KqueueSelector

tests/plugins/spl_token/test_monitoring.py::test_validate_minimum_transfer 
-------------------------------- live log setup --------------------------------
DEBUG    asyncio:selector_events.py:54 Using selector: KqueueSelector
PASSED
------------------------------ live log teardown -------------------------------
DEBUG    asyncio:selector_events.py:54 Using selector: KqueueSelector

tests/plugins/spl_token/test_monitoring.py::test_monitor_mode_validation 
-------------------------------- live log setup --------------------------------
DEBUG    asyncio:selector_events.py:54 Using selector: KqueueSelector
PASSED
------------------------------ live log teardown -------------------------------
DEBUG    asyncio:selector_events.py:54 Using selector: KqueueSelector

tests/plugins/spl_token/test_spl_token_plugin.py::test_plugin_initialization 
-------------------------------- live log setup --------------------------------
DEBUG    asyncio:selector_events.py:54 Using selector: KqueueSelector
INFO     spl_token.test_spl_token_plugin:test_spl_token_plugin.py:48 Creating mock connection
DEBUG    spl_token.test_spl_token_plugin:test_spl_token_plugin.py:51 Created mock connection
INFO     spl_token.test_spl_token_plugin:test_spl_token_plugin.py:58 Creating mock wallet client
DEBUG    spl_token.test_spl_token_plugin:test_spl_token_plugin.py:81 Mock wallet address: DRpbCBMxVnDK7maPGv6MvB3v1sRzh8ykD5M2egKHuM7
INFO     spl_token.test_spl_token_plugin:test_spl_token_plugin.py:88 Creating SPL token plugin instance
INFO     goat_sdk.plugins.spl_token.spl_token_plugin:spl_token_plugin.py:65 Initialized SPL Token Plugin on network: SolanaNetwork.MAINNET
DEBUG    spl_token.test_spl_token_plugin:test_spl_token_plugin.py:94 Created plugin with network: SolanaNetwork.MAINNET
DEBUG    spl_token.test_spl_token_plugin:test_spl_token_plugin.py:95 Plugin tokens: 2
-------------------------------- live log call ---------------------------------
INFO     spl_token.test_spl_token_plugin:test_spl_token_plugin.py:101 Testing plugin initialization
DEBUG    spl_token.test_spl_token_plugin:test_spl_token_plugin.py:102 Checking network: SolanaNetwork.MAINNET
DEBUG    spl_token.test_spl_token_plugin:test_spl_token_plugin.py:105 Checking token count: 2
INFO     spl_token.test_spl_token_plugin:test_spl_token_plugin.py:107 Plugin initialization test completed successfully
PASSED
------------------------------ live log teardown -------------------------------
DEBUG    asyncio:selector_events.py:54 Using selector: KqueueSelector

tests/plugins/spl_token/test_spl_token_plugin.py::test_get_tools 
-------------------------------- live log setup --------------------------------
DEBUG    asyncio:selector_events.py:54 Using selector: KqueueSelector
INFO     spl_token.test_spl_token_plugin:test_spl_token_plugin.py:48 Creating mock connection
DEBUG    spl_token.test_spl_token_plugin:test_spl_token_plugin.py:51 Created mock connection
INFO     spl_token.test_spl_token_plugin:test_spl_token_plugin.py:58 Creating mock wallet client
DEBUG    spl_token.test_spl_token_plugin:test_spl_token_plugin.py:81 Mock wallet address: DRpbCBMxVnDK7maPGv6MvB3v1sRzh8ykD5M2egKHuM7
INFO     spl_token.test_spl_token_plugin:test_spl_token_plugin.py:88 Creating SPL token plugin instance
INFO     goat_sdk.plugins.spl_token.spl_token_plugin:spl_token_plugin.py:65 Initialized SPL Token Plugin on network: SolanaNetwork.MAINNET
DEBUG    spl_token.test_spl_token_plugin:test_spl_token_plugin.py:94 Created plugin with network: SolanaNetwork.MAINNET
DEBUG    spl_token.test_spl_token_plugin:test_spl_token_plugin.py:95 Plugin tokens: 2
-------------------------------- live log call ---------------------------------
INFO     spl_token.test_spl_token_plugin:test_spl_token_plugin.py:112 Testing get_tools functionality
DEBUG    goat_sdk.plugins.spl_token.spl_token_plugin:spl_token_plugin.py:97 Getting plugin tools
DEBUG    goat_sdk.plugins.spl_token.spl_token_plugin:spl_token_plugin.py:104 Retrieved 4 tools
DEBUG    spl_token.test_spl_token_plugin:test_spl_token_plugin.py:114 Retrieved 4 tools
DEBUG    spl_token.test_spl_token_plugin:test_spl_token_plugin.py:118 Tool names: ['get_token_info_by_symbol', 'get_token_balance', 'transfer_token', 'convert_to_base_unit']
INFO     spl_token.test_spl_token_plugin:test_spl_token_plugin.py:124 All expected tools found
PASSED
------------------------------ live log teardown -------------------------------
DEBUG    asyncio:selector_events.py:54 Using selector: KqueueSelector

tests/plugins/spl_token/test_spl_token_plugin.py::test_get_tokens_for_network 
-------------------------------- live log setup --------------------------------
DEBUG    asyncio:selector_events.py:54 Using selector: KqueueSelector
INFO     spl_token.test_spl_token_plugin:test_spl_token_plugin.py:48 Creating mock connection
DEBUG    spl_token.test_spl_token_plugin:test_spl_token_plugin.py:51 Created mock connection
INFO     spl_token.test_spl_token_plugin:test_spl_token_plugin.py:58 Creating mock wallet client
DEBUG    spl_token.test_spl_token_plugin:test_spl_token_plugin.py:81 Mock wallet address: DRpbCBMxVnDK7maPGv6MvB3v1sRzh8ykD5M2egKHuM7
INFO     spl_token.test_spl_token_plugin:test_spl_token_plugin.py:88 Creating SPL token plugin instance
INFO     goat_sdk.plugins.spl_token.spl_token_plugin:spl_token_plugin.py:65 Initialized SPL Token Plugin on network: SolanaNetwork.MAINNET
DEBUG    spl_token.test_spl_token_plugin:test_spl_token_plugin.py:94 Created plugin with network: SolanaNetwork.MAINNET
DEBUG    spl_token.test_spl_token_plugin:test_spl_token_plugin.py:95 Plugin tokens: 2
-------------------------------- live log call ---------------------------------
INFO     spl_token.test_spl_token_plugin:test_spl_token_plugin.py:129 Testing get_tokens_for_network functionality
DEBUG    spl_token.test_spl_token_plugin:test_spl_token_plugin.py:132 Testing mainnet tokens
DEBUG    goat_sdk.plugins.spl_token.utils:__init__.py:70 Getting tokens for network: SolanaNetwork.MAINNET
DEBUG    goat_sdk.plugins.spl_token.utils:__init__.py:72 Found 2 tokens
DEBUG    spl_token.test_spl_token_plugin:test_spl_token_plugin.py:134 Found 2 mainnet tokens
DEBUG    spl_token.test_spl_token_plugin:test_spl_token_plugin.py:139 Testing devnet tokens
DEBUG    goat_sdk.plugins.spl_token.spl_token_plugin:spl_token_plugin.py:75 Setting network to: SolanaNetwork.DEVNET
DEBUG    goat_sdk.plugins.spl_token.spl_token_plugin:spl_token_plugin.py:77 Network updated
DEBUG    goat_sdk.plugins.spl_token.utils:__init__.py:70 Getting tokens for network: SolanaNetwork.DEVNET
DEBUG    goat_sdk.plugins.spl_token.utils:__init__.py:72 Found 2 tokens
DEBUG    spl_token.test_spl_token_plugin:test_spl_token_plugin.py:142 Found 2 devnet tokens
DEBUG    spl_token.test_spl_token_plugin:test_spl_token_plugin.py:147 Testing testnet tokens
DEBUG    goat_sdk.plugins.spl_token.spl_token_plugin:spl_token_plugin.py:75 Setting network to: SolanaNetwork.TESTNET
DEBUG    goat_sdk.plugins.spl_token.spl_token_plugin:spl_token_plugin.py:77 Network updated
DEBUG    goat_sdk.plugins.spl_token.utils:__init__.py:70 Getting tokens for network: SolanaNetwork.TESTNET
DEBUG    goat_sdk.plugins.spl_token.utils:__init__.py:72 Found 0 tokens
DEBUG    spl_token.test_spl_token_plugin:test_spl_token_plugin.py:150 Found 0 testnet tokens
INFO     spl_token.test_spl_token_plugin:test_spl_token_plugin.py:152 Network token tests completed successfully
PASSED
------------------------------ live log teardown -------------------------------
DEBUG    asyncio:selector_events.py:54 Using selector: KqueueSelector

tests/plugins/spl_token/test_spl_token_plugin.py::test_get_token_balance 
-------------------------------- live log setup --------------------------------
DEBUG    asyncio:selector_events.py:54 Using selector: KqueueSelector
INFO     spl_token.test_spl_token_plugin:test_spl_token_plugin.py:48 Creating mock connection
DEBUG    spl_token.test_spl_token_plugin:test_spl_token_plugin.py:51 Created mock connection
INFO     spl_token.test_spl_token_plugin:test_spl_token_plugin.py:58 Creating mock wallet client
DEBUG    spl_token.test_spl_token_plugin:test_spl_token_plugin.py:81 Mock wallet address: DRpbCBMxVnDK7maPGv6MvB3v1sRzh8ykD5M2egKHuM7
INFO     spl_token.test_spl_token_plugin:test_spl_token_plugin.py:88 Creating SPL token plugin instance
INFO     goat_sdk.plugins.spl_token.spl_token_plugin:spl_token_plugin.py:65 Initialized SPL Token Plugin on network: SolanaNetwork.MAINNET
DEBUG    spl_token.test_spl_token_plugin:test_spl_token_plugin.py:94 Created plugin with network: SolanaNetwork.MAINNET
DEBUG    spl_token.test_spl_token_plugin:test_spl_token_plugin.py:95 Plugin tokens: 2
-------------------------------- live log call ---------------------------------
INFO     spl_token.test_spl_token_plugin:test_spl_token_plugin.py:158 Testing get_token_balance functionality
DEBUG    spl_token.test_spl_token_plugin:test_spl_token_plugin.py:161 Testing USDC balance
DEBUG    goat_sdk.plugins.spl_token.spl_token_plugin:spl_token_plugin.py:142 Getting balance for token: USDC
DEBUG    goat_sdk.plugins.spl_token.utils:__init__.py:45 Looking up token with symbol: USDC on network: SolanaNetwork.MAINNET
DEBUG    goat_sdk.plugins.spl_token.utils:__init__.py:51 Found token: Token(name='USD Coin', symbol='USDC', decimals=6, mint_addresses={<SolanaNetwork.MAINNET: 'mainnet'>: 'EPjFWdd5AufqSSqeM2qN1xzybapC8G4wEGGkZwyTDt1v', <SolanaNetwork.DEVNET: 'devnet'>: '4zMMC9srt5Ri5X14GAgXhaHii3GnPAEERYPJgZJDncDU'}, logo_uri='https://raw.githubusercontent.com/solana-labs/token-list/main/assets/mainnet/EPjFWdd5AufqSSqeM2qN1xzybapC8G4wEGGkZwyTDt1v/logo.png', token_type=<TokenType.FUNGIBLE: 'fungible'>)
DEBUG    goat_sdk.plugins.spl_token.utils:__init__.py:148 Checking token account for owner: DRpbCBMxVnDK7maPGv6MvB3v1sRzh8ykD5M2egKHuM7, mint: EPjFWdd5AufqSSqeM2qN1xzybapC8G4wEGGkZwyTDt1v
DEBUG    goat_sdk.plugins.spl_token.utils:__init__.py:221 Getting associated token address for owner: DRpbCBMxVnDK7maPGv6MvB3v1sRzh8ykD5M2egKHuM7, mint: EPjFWdd5AufqSSqeM2qN1xzybapC8G4wEGGkZwyTDt1v
DEBUG    goat_sdk.plugins.spl_token.utils:__init__.py:241 Found associated token address: EKThmteXHvTyLQvCD8YhU9ZP596LHP69ew36McDhwhJz
DEBUG    goat_sdk.plugins.spl_token.utils:__init__.py:152 Associated token account address: EKThmteXHvTyLQvCD8YhU9ZP596LHP69ew36McDhwhJz
DEBUG    goat_sdk.plugins.spl_token.utils:__init__.py:156 Initial attempt to get account info
DEBUG    goat_sdk.plugins.spl_token.utils:__init__.py:158 Account info response: <AsyncMock name='mock.get_account_info()' id='4821824144'>
DEBUG    goat_sdk.plugins.spl_token.utils:__init__.py:161 Token account exists
DEBUG    goat_sdk.plugins.spl_token.spl_token_plugin:spl_token_plugin.py:182 Retrieved balance: 1.0 USDC
DEBUG    spl_token.test_spl_token_plugin:test_spl_token_plugin.py:163 Retrieved balance: TokenBalance(token_symbol='USDC', amount=1.0, mint_address='EPjFWdd5AufqSSqeM2qN1xzybapC8G4wEGGkZwyTDt1v', token_account='EKThmteXHvTyLQvCD8YhU9ZP596LHP69ew36McDhwhJz')
INFO     spl_token.test_spl_token_plugin:test_spl_token_plugin.py:168 Token balance test completed successfully
PASSED
------------------------------ live log teardown -------------------------------
DEBUG    asyncio:selector_events.py:54 Using selector: KqueueSelector

tests/plugins/spl_token/test_spl_token_plugin.py::test_transfer_token 
-------------------------------- live log setup --------------------------------
DEBUG    asyncio:selector_events.py:54 Using selector: KqueueSelector
INFO     spl_token.test_spl_token_plugin:test_spl_token_plugin.py:48 Creating mock connection
DEBUG    spl_token.test_spl_token_plugin:test_spl_token_plugin.py:51 Created mock connection
INFO     spl_token.test_spl_token_plugin:test_spl_token_plugin.py:58 Creating mock wallet client
DEBUG    spl_token.test_spl_token_plugin:test_spl_token_plugin.py:81 Mock wallet address: DRpbCBMxVnDK7maPGv6MvB3v1sRzh8ykD5M2egKHuM7
INFO     spl_token.test_spl_token_plugin:test_spl_token_plugin.py:88 Creating SPL token plugin instance
INFO     goat_sdk.plugins.spl_token.spl_token_plugin:spl_token_plugin.py:65 Initialized SPL Token Plugin on network: SolanaNetwork.MAINNET
DEBUG    spl_token.test_spl_token_plugin:test_spl_token_plugin.py:94 Created plugin with network: SolanaNetwork.MAINNET
DEBUG    spl_token.test_spl_token_plugin:test_spl_token_plugin.py:95 Plugin tokens: 2
-------------------------------- live log call ---------------------------------
INFO     spl_token.test_spl_token_plugin:test_spl_token_plugin.py:174 Testing transfer_token functionality
DEBUG    spl_token.test_spl_token_plugin:test_spl_token_plugin.py:177 Testing USDC transfer
DEBUG    goat_sdk.plugins.spl_token.spl_token_plugin:spl_token_plugin.py:212 Transferring 0.5 USDC to 9ZNTfG4NyQgxy2SWjSiQoUyBPEvXT2xo7fKc5hPYYJ7b
DEBUG    goat_sdk.plugins.spl_token.utils:__init__.py:45 Looking up token with symbol: USDC on network: SolanaNetwork.MAINNET
DEBUG    goat_sdk.plugins.spl_token.utils:__init__.py:51 Found token: Token(name='USD Coin', symbol='USDC', decimals=6, mint_addresses={<SolanaNetwork.MAINNET: 'mainnet'>: 'EPjFWdd5AufqSSqeM2qN1xzybapC8G4wEGGkZwyTDt1v', <SolanaNetwork.DEVNET: 'devnet'>: '4zMMC9srt5Ri5X14GAgXhaHii3GnPAEERYPJgZJDncDU'}, logo_uri='https://raw.githubusercontent.com/solana-labs/token-list/main/assets/mainnet/EPjFWdd5AufqSSqeM2qN1xzybapC8G4wEGGkZwyTDt1v/logo.png', token_type=<TokenType.FUNGIBLE: 'fungible'>)
DEBUG    goat_sdk.plugins.spl_token.utils:__init__.py:148 Checking token account for owner: DRpbCBMxVnDK7maPGv6MvB3v1sRzh8ykD5M2egKHuM7, mint: EPjFWdd5AufqSSqeM2qN1xzybapC8G4wEGGkZwyTDt1v
DEBUG    goat_sdk.plugins.spl_token.utils:__init__.py:221 Getting associated token address for owner: DRpbCBMxVnDK7maPGv6MvB3v1sRzh8ykD5M2egKHuM7, mint: EPjFWdd5AufqSSqeM2qN1xzybapC8G4wEGGkZwyTDt1v
DEBUG    goat_sdk.plugins.spl_token.utils:__init__.py:241 Found associated token address: EKThmteXHvTyLQvCD8YhU9ZP596LHP69ew36McDhwhJz
DEBUG    goat_sdk.plugins.spl_token.utils:__init__.py:152 Associated token account address: EKThmteXHvTyLQvCD8YhU9ZP596LHP69ew36McDhwhJz
DEBUG    goat_sdk.plugins.spl_token.utils:__init__.py:156 Initial attempt to get account info
DEBUG    goat_sdk.plugins.spl_token.utils:__init__.py:158 Account info response: <AsyncMock name='mock.get_account_info()' id='4821889488'>
DEBUG    goat_sdk.plugins.spl_token.utils:__init__.py:161 Token account exists
DEBUG    goat_sdk.plugins.spl_token.utils:__init__.py:148 Checking token account for owner: 9ZNTfG4NyQgxy2SWjSiQoUyBPEvXT2xo7fKc5hPYYJ7b, mint: EPjFWdd5AufqSSqeM2qN1xzybapC8G4wEGGkZwyTDt1v
DEBUG    goat_sdk.plugins.spl_token.utils:__init__.py:221 Getting associated token address for owner: 9ZNTfG4NyQgxy2SWjSiQoUyBPEvXT2xo7fKc5hPYYJ7b, mint: EPjFWdd5AufqSSqeM2qN1xzybapC8G4wEGGkZwyTDt1v
DEBUG    goat_sdk.plugins.spl_token.utils:__init__.py:241 Found associated token address: APHiUhJyrTvsE6DbZjVW24BtaVmQBp6vueH2sr2Q1UEo
DEBUG    goat_sdk.plugins.spl_token.utils:__init__.py:152 Associated token account address: APHiUhJyrTvsE6DbZjVW24BtaVmQBp6vueH2sr2Q1UEo
DEBUG    goat_sdk.plugins.spl_token.utils:__init__.py:156 Initial attempt to get account info
DEBUG    goat_sdk.plugins.spl_token.utils:__init__.py:158 Account info response: <AsyncMock name='mock.get_account_info()' id='4821889488'>
DEBUG    goat_sdk.plugins.spl_token.utils:__init__.py:161 Token account exists
DEBUG    goat_sdk.plugins.spl_token.spl_token_plugin:spl_token_plugin.py:142 Getting balance for token: USDC
DEBUG    goat_sdk.plugins.spl_token.utils:__init__.py:45 Looking up token with symbol: USDC on network: SolanaNetwork.MAINNET
DEBUG    goat_sdk.plugins.spl_token.utils:__init__.py:51 Found token: Token(name='USD Coin', symbol='USDC', decimals=6, mint_addresses={<SolanaNetwork.MAINNET: 'mainnet'>: 'EPjFWdd5AufqSSqeM2qN1xzybapC8G4wEGGkZwyTDt1v', <SolanaNetwork.DEVNET: 'devnet'>: '4zMMC9srt5Ri5X14GAgXhaHii3GnPAEERYPJgZJDncDU'}, logo_uri='https://raw.githubusercontent.com/solana-labs/token-list/main/assets/mainnet/EPjFWdd5AufqSSqeM2qN1xzybapC8G4wEGGkZwyTDt1v/logo.png', token_type=<TokenType.FUNGIBLE: 'fungible'>)
DEBUG    goat_sdk.plugins.spl_token.utils:__init__.py:148 Checking token account for owner: DRpbCBMxVnDK7maPGv6MvB3v1sRzh8ykD5M2egKHuM7, mint: EPjFWdd5AufqSSqeM2qN1xzybapC8G4wEGGkZwyTDt1v
DEBUG    goat_sdk.plugins.spl_token.utils:__init__.py:221 Getting associated token address for owner: DRpbCBMxVnDK7maPGv6MvB3v1sRzh8ykD5M2egKHuM7, mint: EPjFWdd5AufqSSqeM2qN1xzybapC8G4wEGGkZwyTDt1v
DEBUG    goat_sdk.plugins.spl_token.utils:__init__.py:241 Found associated token address: EKThmteXHvTyLQvCD8YhU9ZP596LHP69ew36McDhwhJz
DEBUG    goat_sdk.plugins.spl_token.utils:__init__.py:152 Associated token account address: EKThmteXHvTyLQvCD8YhU9ZP596LHP69ew36McDhwhJz
DEBUG    goat_sdk.plugins.spl_token.utils:__init__.py:156 Initial attempt to get account info
DEBUG    goat_sdk.plugins.spl_token.utils:__init__.py:158 Account info response: <AsyncMock name='mock.get_account_info()' id='4821889488'>
DEBUG    goat_sdk.plugins.spl_token.utils:__init__.py:161 Token account exists
DEBUG    goat_sdk.plugins.spl_token.spl_token_plugin:spl_token_plugin.py:182 Retrieved balance: 1.0 USDC
DEBUG    goat_sdk.plugins.spl_token.spl_token_plugin:spl_token_plugin.py:268 Transfer successful. Signature: transaction_signature
DEBUG    spl_token.test_spl_token_plugin:test_spl_token_plugin.py:184 Transfer result: transaction_signature
INFO     spl_token.test_spl_token_plugin:test_spl_token_plugin.py:188 Token transfer test completed successfully
PASSED
------------------------------ live log teardown -------------------------------
DEBUG    asyncio:selector_events.py:54 Using selector: KqueueSelector

tests/plugins/spl_token/test_spl_token_service.py::test_get_token_info_by_symbol 
-------------------------------- live log setup --------------------------------
DEBUG    asyncio:selector_events.py:54 Using selector: KqueueSelector
2024-12-22 08:56:35,689 [INFO] spl_token.test:43: 
================================================================================
2024-12-22 08:56:35,689 [INFO] spl_token.test:44: Starting new test
2024-12-22 08:56:35,689 [INFO] spl_token.test:45: ================================================================================

2024-12-22 08:56:35,689 [INFO] spl_token.test:75: Creating SPL token service instance for testing
2024-12-22 08:56:35,689 [INFO] spl_token.service:106: Initializing SPL Token Service on network: SolanaNetwork.MAINNET
2024-12-22 08:56:35,689 [INFO] spl_token.service:109: Loaded 1 tokens
2024-12-22 08:56:35,689 [DEBUG] spl_token.service:111: Loaded token: USDC with mint addresses: {<SolanaNetwork.MAINNET: 'mainnet'>: 'EPjFWdd5AufqSSqeM2qN1xzybapC8G4wEGGkZwyTDt1v'}
2024-12-22 08:56:35,689 [DEBUG] spl_token.test:80: Created service with network: SolanaNetwork.MAINNET
2024-12-22 08:56:35,689 [DEBUG] spl_token.test:81: Available tokens: ['USDC']
2024-12-22 08:56:35,689 [INFO] spl_token.test:160: Starting test_get_token_info_by_symbol
2024-12-22 08:56:35,689 [DEBUG] spl_token.test:161: Initial service network: SolanaNetwork.MAINNET
2024-12-22 08:56:35,689 [DEBUG] spl_token.test:162: Available tokens: ['USDC']
2024-12-22 08:56:35,689 [DEBUG] spl_token.test:165: Testing with existing token USDC
-------------------------------- live log call ---------------------------------
INFO     goat_sdk.plugins.spl_token.monitoring:monitoring.py:139 [get_token_info_by_symbol][monitor_mode_performance] Starting monitoring
DEBUG    goat_sdk.plugins.spl_token.monitoring:monitoring.py:143 [get_token_info_by_symbol][monitor_mode_performance] Network: SolanaNetwork.MAINNET
DEBUG    goat_sdk.plugins.spl_token.monitoring:monitoring.py:144 [get_token_info_by_symbol][monitor_mode_performance] Mode config: None
INFO     goat_sdk.plugins.spl_token.monitoring:monitoring.py:100 [get_token_info_by_symbol][with_retries] Starting retry wrapper
DEBUG    goat_sdk.plugins.spl_token.monitoring:monitoring.py:101 [get_token_info_by_symbol][with_retries] Max attempts: 3
DEBUG    goat_sdk.plugins.spl_token.monitoring:monitoring.py:102 [get_token_info_by_symbol][with_retries] Non-retryable exceptions: (<class 'goat_sdk.plugins.spl_token.exceptions.TokenTransferError'>, <class 'goat_sdk.plugins.spl_token.exceptions.TokenNotFoundError'>, <class 'goat_sdk.plugins.spl_token.exceptions.InvalidTokenAddressError'>)
DEBUG    goat_sdk.plugins.spl_token.monitoring:monitoring.py:110 [get_token_info_by_symbol][with_retries] Attempt 1/3
INFO     goat_sdk.plugins.spl_token.monitoring:monitoring.py:67 [get_token_info_by_symbol][trace_operation] Starting operation
DEBUG    goat_sdk.plugins.spl_token.monitoring:monitoring.py:68 [get_token_info_by_symbol][trace_operation] Function: get_token_info_by_symbol
DEBUG    goat_sdk.plugins.spl_token.monitoring:monitoring.py:69 [get_token_info_by_symbol][trace_operation] Args: (<goat_sdk.plugins.spl_token.spl_token_service.SplTokenService object at 0x11f7beb50>, GetTokenMintAddressBySymbolParameters(symbol='USDC', mode_config=None))
DEBUG    goat_sdk.plugins.spl_token.monitoring:monitoring.py:70 [get_token_info_by_symbol][trace_operation] Kwargs: {}
DEBUG    goat_sdk.plugins.spl_token.monitoring:monitoring.py:74 [get_token_info_by_symbol][trace_operation] Executing function
2024-12-22 08:56:35,690 [INFO] spl_token.service:133: [get_token_info_by_symbol] Starting operation
2024-12-22 08:56:35,690 [DEBUG] spl_token.service:134: [get_token_info_by_symbol] Input parameters: symbol='USDC' mode_config=None
2024-12-22 08:56:35,690 [DEBUG] spl_token.service:135: [get_token_info_by_symbol] Current network: SolanaNetwork.MAINNET
2024-12-22 08:56:35,690 [DEBUG] spl_token.service:136: [get_token_info_by_symbol] Available tokens: ['USDC']
2024-12-22 08:56:35,690 [DEBUG] spl_token.service:137: [get_token_info_by_symbol] Token list length: 1
2024-12-22 08:56:35,690 [DEBUG] spl_token.service:138: [get_token_info_by_symbol] Token list state: [Token(name='USD Coin', symbol='USDC', decimals=6, mint_addresses={<SolanaNetwork.MAINNET: 'mainnet'>: 'EPjFWdd5AufqSSqeM2qN1xzybapC8G4wEGGkZwyTDt1v'}, logo_uri='https://raw.githubusercontent.com/solana-labs/token-list/main/assets/mainnet/EPjFWdd5AufqSSqeM2qN1xzybapC8G4wEGGkZwyTDt1v/logo.png', token_type=<TokenType.FUNGIBLE: 'fungible'>)]
2024-12-22 08:56:35,690 [DEBUG] spl_token.service:139: [get_token_info_by_symbol] Service instance: <goat_sdk.plugins.spl_token.spl_token_service.SplTokenService object at 0x11f7beb50>
2024-12-22 08:56:35,690 [DEBUG] spl_token.service:140: [get_token_info_by_symbol] Service instance attributes: {'network': <SolanaNetwork.MAINNET: 'mainnet'>, 'tokens': [Token(name='USD Coin', symbol='USDC', decimals=6, mint_addresses={<SolanaNetwork.MAINNET: 'mainnet'>: 'EPjFWdd5AufqSSqeM2qN1xzybapC8G4wEGGkZwyTDt1v'}, logo_uri='https://raw.githubusercontent.com/solana-labs/token-list/main/assets/mainnet/EPjFWdd5AufqSSqeM2qN1xzybapC8G4wEGGkZwyTDt1v/logo.png', token_type=<TokenType.FUNGIBLE: 'fungible'>)]}
2024-12-22 08:56:35,690 [DEBUG] spl_token.service:143: [get_token_info_by_symbol] Step: Finding token with symbol 'USDC'
2024-12-22 08:56:35,690 [DEBUG] spl_token.service:146: [get_token_info_by_symbol] Checking token: Token(name='USD Coin', symbol='USDC', decimals=6, mint_addresses={<SolanaNetwork.MAINNET: 'mainnet'>: 'EPjFWdd5AufqSSqeM2qN1xzybapC8G4wEGGkZwyTDt1v'}, logo_uri='https://raw.githubusercontent.com/solana-labs/token-list/main/assets/mainnet/EPjFWdd5AufqSSqeM2qN1xzybapC8G4wEGGkZwyTDt1v/logo.png', token_type=<TokenType.FUNGIBLE: 'fungible'>)
2024-12-22 08:56:35,690 [DEBUG] spl_token.service:147: [get_token_info_by_symbol] Token attributes: {'name': 'USD Coin', 'symbol': 'USDC', 'decimals': 6, 'mint_addresses': {<SolanaNetwork.MAINNET: 'mainnet'>: 'EPjFWdd5AufqSSqeM2qN1xzybapC8G4wEGGkZwyTDt1v'}, 'logo_uri': 'https://raw.githubusercontent.com/solana-labs/token-list/main/assets/mainnet/EPjFWdd5AufqSSqeM2qN1xzybapC8G4wEGGkZwyTDt1v/logo.png', 'token_type': <TokenType.FUNGIBLE: 'fungible'>}
2024-12-22 08:56:35,690 [DEBUG] spl_token.service:149: [get_token_info_by_symbol] Found matching token: Token(name='USD Coin', symbol='USDC', decimals=6, mint_addresses={<SolanaNetwork.MAINNET: 'mainnet'>: 'EPjFWdd5AufqSSqeM2qN1xzybapC8G4wEGGkZwyTDt1v'}, logo_uri='https://raw.githubusercontent.com/solana-labs/token-list/main/assets/mainnet/EPjFWdd5AufqSSqeM2qN1xzybapC8G4wEGGkZwyTDt1v/logo.png', token_type=<TokenType.FUNGIBLE: 'fungible'>)
2024-12-22 08:56:35,690 [DEBUG] spl_token.service:162: [get_token_info_by_symbol] Step: Validating token on network SolanaNetwork.MAINNET
2024-12-22 08:56:35,690 [DEBUG] spl_token.service:163: [get_token_info_by_symbol] Token mint addresses: {<SolanaNetwork.MAINNET: 'mainnet'>: 'EPjFWdd5AufqSSqeM2qN1xzybapC8G4wEGGkZwyTDt1v'}
2024-12-22 08:56:35,690 [DEBUG] spl_token.service:164: [get_token_info_by_symbol] Token attributes: {'name': 'USD Coin', 'symbol': 'USDC', 'decimals': 6, 'mint_addresses': {<SolanaNetwork.MAINNET: 'mainnet'>: 'EPjFWdd5AufqSSqeM2qN1xzybapC8G4wEGGkZwyTDt1v'}, 'logo_uri': 'https://raw.githubusercontent.com/solana-labs/token-list/main/assets/mainnet/EPjFWdd5AufqSSqeM2qN1xzybapC8G4wEGGkZwyTDt1v/logo.png', 'token_type': <TokenType.FUNGIBLE: 'fungible'>}
2024-12-22 08:56:35,690 [INFO] spl_token.service:172: [get_token_info_by_symbol] Successfully found token USDC on network SolanaNetwork.MAINNET
2024-12-22 08:56:35,690 [DEBUG] spl_token.service:173: [get_token_info_by_symbol] Returning token: Token(name='USD Coin', symbol='USDC', decimals=6, mint_addresses={<SolanaNetwork.MAINNET: 'mainnet'>: 'EPjFWdd5AufqSSqeM2qN1xzybapC8G4wEGGkZwyTDt1v'}, logo_uri='https://raw.githubusercontent.com/solana-labs/token-list/main/assets/mainnet/EPjFWdd5AufqSSqeM2qN1xzybapC8G4wEGGkZwyTDt1v/logo.png', token_type=<TokenType.FUNGIBLE: 'fungible'>)
2024-12-22 08:56:35,690 [DEBUG] spl_token.service:174: [get_token_info_by_symbol] Token attributes: {'name': 'USD Coin', 'symbol': 'USDC', 'decimals': 6, 'mint_addresses': {<SolanaNetwork.MAINNET: 'mainnet'>: 'EPjFWdd5AufqSSqeM2qN1xzybapC8G4wEGGkZwyTDt1v'}, 'logo_uri': 'https://raw.githubusercontent.com/solana-labs/token-list/main/assets/mainnet/EPjFWdd5AufqSSqeM2qN1xzybapC8G4wEGGkZwyTDt1v/logo.png', 'token_type': <TokenType.FUNGIBLE: 'fungible'>}
DEBUG    goat_sdk.plugins.spl_token.monitoring:monitoring.py:76 [get_token_info_by_symbol][trace_operation] Function completed successfully
DEBUG    goat_sdk.plugins.spl_token.monitoring:monitoring.py:112 [get_token_info_by_symbol][with_retries] Attempt 1 succeeded
DEBUG    goat_sdk.plugins.spl_token.monitoring:monitoring.py:150 [get_token_info_by_symbol][monitor_mode_performance] Operation completed in 0.001s
2024-12-22 08:56:35,690 [DEBUG] spl_token.test:169: Retrieved token: Token(name='USD Coin', symbol='USDC', decimals=6, mint_addresses={<SolanaNetwork.MAINNET: 'mainnet'>: 'EPjFWdd5AufqSSqeM2qN1xzybapC8G4wEGGkZwyTDt1v'}, logo_uri='https://raw.githubusercontent.com/solana-labs/token-list/main/assets/mainnet/EPjFWdd5AufqSSqeM2qN1xzybapC8G4wEGGkZwyTDt1v/logo.png', token_type=<TokenType.FUNGIBLE: 'fungible'>)
2024-12-22 08:56:35,690 [DEBUG] spl_token.test:170: Token type: <class 'goat_sdk.plugins.spl_token.models.Token'>
2024-12-22 08:56:35,690 [DEBUG] spl_token.test:174: Existing token test passed
2024-12-22 08:56:35,690 [DEBUG] spl_token.test:177: Testing with non-existent token
2024-12-22 08:56:35,690 [DEBUG] spl_token.test:179: Modified service tokens: []
2024-12-22 08:56:35,690 [DEBUG] spl_token.test:180: Service instance: <goat_sdk.plugins.spl_token.spl_token_service.SplTokenService object at 0x11f7beb50>
2024-12-22 08:56:35,690 [DEBUG] spl_token.test:181: Service network: SolanaNetwork.MAINNET
INFO     goat_sdk.plugins.spl_token.monitoring:monitoring.py:139 [get_token_info_by_symbol][monitor_mode_performance] Starting monitoring
DEBUG    goat_sdk.plugins.spl_token.monitoring:monitoring.py:143 [get_token_info_by_symbol][monitor_mode_performance] Network: SolanaNetwork.MAINNET
DEBUG    goat_sdk.plugins.spl_token.monitoring:monitoring.py:144 [get_token_info_by_symbol][monitor_mode_performance] Mode config: None
INFO     goat_sdk.plugins.spl_token.monitoring:monitoring.py:100 [get_token_info_by_symbol][with_retries] Starting retry wrapper
DEBUG    goat_sdk.plugins.spl_token.monitoring:monitoring.py:101 [get_token_info_by_symbol][with_retries] Max attempts: 3
DEBUG    goat_sdk.plugins.spl_token.monitoring:monitoring.py:102 [get_token_info_by_symbol][with_retries] Non-retryable exceptions: (<class 'goat_sdk.plugins.spl_token.exceptions.TokenTransferError'>, <class 'goat_sdk.plugins.spl_token.exceptions.TokenNotFoundError'>, <class 'goat_sdk.plugins.spl_token.exceptions.InvalidTokenAddressError'>)
DEBUG    goat_sdk.plugins.spl_token.monitoring:monitoring.py:110 [get_token_info_by_symbol][with_retries] Attempt 1/3
INFO     goat_sdk.plugins.spl_token.monitoring:monitoring.py:67 [get_token_info_by_symbol][trace_operation] Starting operation
DEBUG    goat_sdk.plugins.spl_token.monitoring:monitoring.py:68 [get_token_info_by_symbol][trace_operation] Function: get_token_info_by_symbol
DEBUG    goat_sdk.plugins.spl_token.monitoring:monitoring.py:69 [get_token_info_by_symbol][trace_operation] Args: (<goat_sdk.plugins.spl_token.spl_token_service.SplTokenService object at 0x11f7beb50>, GetTokenMintAddressBySymbolParameters(symbol='NONEXISTENT', mode_config=None))
DEBUG    goat_sdk.plugins.spl_token.monitoring:monitoring.py:70 [get_token_info_by_symbol][trace_operation] Kwargs: {}
DEBUG    goat_sdk.plugins.spl_token.monitoring:monitoring.py:74 [get_token_info_by_symbol][trace_operation] Executing function
2024-12-22 08:56:35,691 [INFO] spl_token.service:133: [get_token_info_by_symbol] Starting operation
2024-12-22 08:56:35,691 [DEBUG] spl_token.service:134: [get_token_info_by_symbol] Input parameters: symbol='NONEXISTENT' mode_config=None
2024-12-22 08:56:35,691 [DEBUG] spl_token.service:135: [get_token_info_by_symbol] Current network: SolanaNetwork.MAINNET
2024-12-22 08:56:35,691 [DEBUG] spl_token.service:136: [get_token_info_by_symbol] Available tokens: []
2024-12-22 08:56:35,691 [DEBUG] spl_token.service:137: [get_token_info_by_symbol] Token list length: 0
2024-12-22 08:56:35,691 [DEBUG] spl_token.service:138: [get_token_info_by_symbol] Token list state: []
2024-12-22 08:56:35,691 [DEBUG] spl_token.service:139: [get_token_info_by_symbol] Service instance: <goat_sdk.plugins.spl_token.spl_token_service.SplTokenService object at 0x11f7beb50>
2024-12-22 08:56:35,691 [DEBUG] spl_token.service:140: [get_token_info_by_symbol] Service instance attributes: {'network': <SolanaNetwork.MAINNET: 'mainnet'>, 'tokens': []}
2024-12-22 08:56:35,691 [DEBUG] spl_token.service:143: [get_token_info_by_symbol] Step: Finding token with symbol 'NONEXISTENT'
2024-12-22 08:56:35,691 [ERROR] spl_token.service:154: [get_token_info_by_symbol] Token not found with symbol: NONEXISTENT
2024-12-22 08:56:35,691 [ERROR] spl_token.service:155: [get_token_info_by_symbol] Available tokens: []
2024-12-22 08:56:35,691 [ERROR] spl_token.service:156: [get_token_info_by_symbol] Token list state: []
2024-12-22 08:56:35,691 [ERROR] spl_token.service:157: [get_token_info_by_symbol] Service instance: <goat_sdk.plugins.spl_token.spl_token_service.SplTokenService object at 0x11f7beb50>
2024-12-22 08:56:35,691 [ERROR] spl_token.service:158: [get_token_info_by_symbol] Service instance attributes: {'network': <SolanaNetwork.MAINNET: 'mainnet'>, 'tokens': []}
ERROR    goat_sdk.plugins.spl_token.monitoring:monitoring.py:51 [get_token_info_by_symbol][trace_operation] Error in function execution
ERROR    goat_sdk.plugins.spl_token.monitoring:monitoring.py:52 [get_token_info_by_symbol][trace_operation] Error type: <class 'goat_sdk.plugins.spl_token.exceptions.TokenNotFoundError'>
ERROR    goat_sdk.plugins.spl_token.monitoring:monitoring.py:53 [get_token_info_by_symbol][trace_operation] Error message: Token not found with symbol: NONEXISTENT
ERROR    goat_sdk.plugins.spl_token.monitoring:monitoring.py:54 [get_token_info_by_symbol][trace_operation] Error attributes: {'symbol': 'NONEXISTENT'}
ERROR    goat_sdk.plugins.spl_token.monitoring:monitoring.py:56 [get_token_info_by_symbol][trace_operation] Caused by: None
ERROR    goat_sdk.plugins.spl_token.monitoring:monitoring.py:58 [get_token_info_by_symbol][trace_operation] Context: None
ERROR    goat_sdk.plugins.spl_token.monitoring:monitoring.py:59 [get_token_info_by_symbol][trace_operation] Error traceback:
Traceback (most recent call last):
  File "/Users/ilessio/dev-agents/mode_hack/goat/python_goat/goat_sdk/plugins/spl_token/monitoring.py", line 75, in wrapper
    result = await func(*args, **kwargs)
             ^^^^^^^^^^^^^^^^^^^^^^^^^^^
  File "/Users/ilessio/dev-agents/mode_hack/goat/python_goat/goat_sdk/plugins/spl_token/spl_token_service.py", line 159, in get_token_info_by_symbol
    raise TokenNotFoundError(parameters.symbol)
goat_sdk.plugins.spl_token.exceptions.TokenNotFoundError: Token not found with symbol: NONEXISTENT
ERROR    goat_sdk.plugins.spl_token.monitoring:monitoring.py:51 [get_token_info_by_symbol][with_retries] Error in non-retryable error
ERROR    goat_sdk.plugins.spl_token.monitoring:monitoring.py:52 [get_token_info_by_symbol][with_retries] Error type: <class 'goat_sdk.plugins.spl_token.exceptions.TokenNotFoundError'>
ERROR    goat_sdk.plugins.spl_token.monitoring:monitoring.py:53 [get_token_info_by_symbol][with_retries] Error message: Token not found with symbol: NONEXISTENT
ERROR    goat_sdk.plugins.spl_token.monitoring:monitoring.py:54 [get_token_info_by_symbol][with_retries] Error attributes: {'symbol': 'NONEXISTENT'}
ERROR    goat_sdk.plugins.spl_token.monitoring:monitoring.py:56 [get_token_info_by_symbol][with_retries] Caused by: None
ERROR    goat_sdk.plugins.spl_token.monitoring:monitoring.py:58 [get_token_info_by_symbol][with_retries] Context: None
ERROR    goat_sdk.plugins.spl_token.monitoring:monitoring.py:59 [get_token_info_by_symbol][with_retries] Error traceback:
Traceback (most recent call last):
  File "/Users/ilessio/dev-agents/mode_hack/goat/python_goat/goat_sdk/plugins/spl_token/monitoring.py", line 111, in wrapper
    result = await func(*args, **kwargs)
             ^^^^^^^^^^^^^^^^^^^^^^^^^^^
  File "/Users/ilessio/dev-agents/mode_hack/goat/python_goat/goat_sdk/plugins/spl_token/monitoring.py", line 75, in wrapper
    result = await func(*args, **kwargs)
             ^^^^^^^^^^^^^^^^^^^^^^^^^^^
  File "/Users/ilessio/dev-agents/mode_hack/goat/python_goat/goat_sdk/plugins/spl_token/spl_token_service.py", line 159, in get_token_info_by_symbol
    raise TokenNotFoundError(parameters.symbol)
goat_sdk.plugins.spl_token.exceptions.TokenNotFoundError: Token not found with symbol: NONEXISTENT
ERROR    goat_sdk.plugins.spl_token.monitoring:monitoring.py:51 [get_token_info_by_symbol][monitor_mode_performance] Error in performance monitoring
ERROR    goat_sdk.plugins.spl_token.monitoring:monitoring.py:52 [get_token_info_by_symbol][monitor_mode_performance] Error type: <class 'goat_sdk.plugins.spl_token.exceptions.TokenNotFoundError'>
ERROR    goat_sdk.plugins.spl_token.monitoring:monitoring.py:53 [get_token_info_by_symbol][monitor_mode_performance] Error message: Token not found with symbol: NONEXISTENT
ERROR    goat_sdk.plugins.spl_token.monitoring:monitoring.py:54 [get_token_info_by_symbol][monitor_mode_performance] Error attributes: {'symbol': 'NONEXISTENT'}
ERROR    goat_sdk.plugins.spl_token.monitoring:monitoring.py:56 [get_token_info_by_symbol][monitor_mode_performance] Caused by: None
ERROR    goat_sdk.plugins.spl_token.monitoring:monitoring.py:58 [get_token_info_by_symbol][monitor_mode_performance] Context: None
ERROR    goat_sdk.plugins.spl_token.monitoring:monitoring.py:59 [get_token_info_by_symbol][monitor_mode_performance] Error traceback:
Traceback (most recent call last):
  File "/Users/ilessio/dev-agents/mode_hack/goat/python_goat/goat_sdk/plugins/spl_token/monitoring.py", line 148, in wrapper
    result = await func(*args, **kwargs)
             ^^^^^^^^^^^^^^^^^^^^^^^^^^^
  File "/Users/ilessio/dev-agents/mode_hack/goat/python_goat/goat_sdk/plugins/spl_token/monitoring.py", line 111, in wrapper
    result = await func(*args, **kwargs)
             ^^^^^^^^^^^^^^^^^^^^^^^^^^^
  File "/Users/ilessio/dev-agents/mode_hack/goat/python_goat/goat_sdk/plugins/spl_token/monitoring.py", line 75, in wrapper
    result = await func(*args, **kwargs)
             ^^^^^^^^^^^^^^^^^^^^^^^^^^^
  File "/Users/ilessio/dev-agents/mode_hack/goat/python_goat/goat_sdk/plugins/spl_token/spl_token_service.py", line 159, in get_token_info_by_symbol
    raise TokenNotFoundError(parameters.symbol)
goat_sdk.plugins.spl_token.exceptions.TokenNotFoundError: Token not found with symbol: NONEXISTENT
2024-12-22 08:56:35,692 [DEBUG] spl_token.test:187: Caught expected TokenNotFoundError: Token not found with symbol: NONEXISTENT
2024-12-22 08:56:35,692 [DEBUG] spl_token.test:188: Exception type: <class 'goat_sdk.plugins.spl_token.exceptions.TokenNotFoundError'>
2024-12-22 08:56:35,692 [DEBUG] spl_token.test:189: Exception attributes: {'symbol': 'NONEXISTENT'}
2024-12-22 08:56:35,692 [DEBUG] spl_token.test:191: Non-existent token test passed
2024-12-22 08:56:35,692 [DEBUG] spl_token.test:194: Testing network validation
2024-12-22 08:56:35,692 [DEBUG] spl_token.test:195: Changing network from SolanaNetwork.MAINNET to SolanaNetwork.DEVNET
INFO     goat_sdk.plugins.spl_token.monitoring:monitoring.py:139 [get_token_info_by_symbol][monitor_mode_performance] Starting monitoring
DEBUG    goat_sdk.plugins.spl_token.monitoring:monitoring.py:143 [get_token_info_by_symbol][monitor_mode_performance] Network: SolanaNetwork.DEVNET
DEBUG    goat_sdk.plugins.spl_token.monitoring:monitoring.py:144 [get_token_info_by_symbol][monitor_mode_performance] Mode config: None
INFO     goat_sdk.plugins.spl_token.monitoring:monitoring.py:100 [get_token_info_by_symbol][with_retries] Starting retry wrapper
DEBUG    goat_sdk.plugins.spl_token.monitoring:monitoring.py:101 [get_token_info_by_symbol][with_retries] Max attempts: 3
DEBUG    goat_sdk.plugins.spl_token.monitoring:monitoring.py:102 [get_token_info_by_symbol][with_retries] Non-retryable exceptions: (<class 'goat_sdk.plugins.spl_token.exceptions.TokenTransferError'>, <class 'goat_sdk.plugins.spl_token.exceptions.TokenNotFoundError'>, <class 'goat_sdk.plugins.spl_token.exceptions.InvalidTokenAddressError'>)
DEBUG    goat_sdk.plugins.spl_token.monitoring:monitoring.py:110 [get_token_info_by_symbol][with_retries] Attempt 1/3
INFO     goat_sdk.plugins.spl_token.monitoring:monitoring.py:67 [get_token_info_by_symbol][trace_operation] Starting operation
DEBUG    goat_sdk.plugins.spl_token.monitoring:monitoring.py:68 [get_token_info_by_symbol][trace_operation] Function: get_token_info_by_symbol
DEBUG    goat_sdk.plugins.spl_token.monitoring:monitoring.py:69 [get_token_info_by_symbol][trace_operation] Args: (<goat_sdk.plugins.spl_token.spl_token_service.SplTokenService object at 0x11f7beb50>, GetTokenMintAddressBySymbolParameters(symbol='USDC', mode_config=None))
DEBUG    goat_sdk.plugins.spl_token.monitoring:monitoring.py:70 [get_token_info_by_symbol][trace_operation] Kwargs: {}
DEBUG    goat_sdk.plugins.spl_token.monitoring:monitoring.py:74 [get_token_info_by_symbol][trace_operation] Executing function
2024-12-22 08:56:35,692 [INFO] spl_token.service:133: [get_token_info_by_symbol] Starting operation
2024-12-22 08:56:35,692 [DEBUG] spl_token.service:134: [get_token_info_by_symbol] Input parameters: symbol='USDC' mode_config=None
2024-12-22 08:56:35,692 [DEBUG] spl_token.service:135: [get_token_info_by_symbol] Current network: SolanaNetwork.DEVNET
2024-12-22 08:56:35,692 [DEBUG] spl_token.service:136: [get_token_info_by_symbol] Available tokens: ['USDC']
2024-12-22 08:56:35,692 [DEBUG] spl_token.service:137: [get_token_info_by_symbol] Token list length: 1
2024-12-22 08:56:35,692 [DEBUG] spl_token.service:138: [get_token_info_by_symbol] Token list state: [Token(name='USD Coin', symbol='USDC', decimals=6, mint_addresses={<SolanaNetwork.MAINNET: 'mainnet'>: 'EPjFWdd5AufqSSqeM2qN1xzybapC8G4wEGGkZwyTDt1v'}, logo_uri='https://raw.githubusercontent.com/solana-labs/token-list/main/assets/mainnet/EPjFWdd5AufqSSqeM2qN1xzybapC8G4wEGGkZwyTDt1v/logo.png', token_type=<TokenType.FUNGIBLE: 'fungible'>)]
2024-12-22 08:56:35,692 [DEBUG] spl_token.service:139: [get_token_info_by_symbol] Service instance: <goat_sdk.plugins.spl_token.spl_token_service.SplTokenService object at 0x11f7beb50>
2024-12-22 08:56:35,692 [DEBUG] spl_token.service:140: [get_token_info_by_symbol] Service instance attributes: {'network': <SolanaNetwork.DEVNET: 'devnet'>, 'tokens': [Token(name='USD Coin', symbol='USDC', decimals=6, mint_addresses={<SolanaNetwork.MAINNET: 'mainnet'>: 'EPjFWdd5AufqSSqeM2qN1xzybapC8G4wEGGkZwyTDt1v'}, logo_uri='https://raw.githubusercontent.com/solana-labs/token-list/main/assets/mainnet/EPjFWdd5AufqSSqeM2qN1xzybapC8G4wEGGkZwyTDt1v/logo.png', token_type=<TokenType.FUNGIBLE: 'fungible'>)]}
2024-12-22 08:56:35,692 [DEBUG] spl_token.service:143: [get_token_info_by_symbol] Step: Finding token with symbol 'USDC'
2024-12-22 08:56:35,692 [DEBUG] spl_token.service:146: [get_token_info_by_symbol] Checking token: Token(name='USD Coin', symbol='USDC', decimals=6, mint_addresses={<SolanaNetwork.MAINNET: 'mainnet'>: 'EPjFWdd5AufqSSqeM2qN1xzybapC8G4wEGGkZwyTDt1v'}, logo_uri='https://raw.githubusercontent.com/solana-labs/token-list/main/assets/mainnet/EPjFWdd5AufqSSqeM2qN1xzybapC8G4wEGGkZwyTDt1v/logo.png', token_type=<TokenType.FUNGIBLE: 'fungible'>)
2024-12-22 08:56:35,692 [DEBUG] spl_token.service:147: [get_token_info_by_symbol] Token attributes: {'name': 'USD Coin', 'symbol': 'USDC', 'decimals': 6, 'mint_addresses': {<SolanaNetwork.MAINNET: 'mainnet'>: 'EPjFWdd5AufqSSqeM2qN1xzybapC8G4wEGGkZwyTDt1v'}, 'logo_uri': 'https://raw.githubusercontent.com/solana-labs/token-list/main/assets/mainnet/EPjFWdd5AufqSSqeM2qN1xzybapC8G4wEGGkZwyTDt1v/logo.png', 'token_type': <TokenType.FUNGIBLE: 'fungible'>}
2024-12-22 08:56:35,692 [DEBUG] spl_token.service:149: [get_token_info_by_symbol] Found matching token: Token(name='USD Coin', symbol='USDC', decimals=6, mint_addresses={<SolanaNetwork.MAINNET: 'mainnet'>: 'EPjFWdd5AufqSSqeM2qN1xzybapC8G4wEGGkZwyTDt1v'}, logo_uri='https://raw.githubusercontent.com/solana-labs/token-list/main/assets/mainnet/EPjFWdd5AufqSSqeM2qN1xzybapC8G4wEGGkZwyTDt1v/logo.png', token_type=<TokenType.FUNGIBLE: 'fungible'>)
2024-12-22 08:56:35,692 [DEBUG] spl_token.service:162: [get_token_info_by_symbol] Step: Validating token on network SolanaNetwork.DEVNET
2024-12-22 08:56:35,692 [DEBUG] spl_token.service:163: [get_token_info_by_symbol] Token mint addresses: {<SolanaNetwork.MAINNET: 'mainnet'>: 'EPjFWdd5AufqSSqeM2qN1xzybapC8G4wEGGkZwyTDt1v'}
2024-12-22 08:56:35,692 [DEBUG] spl_token.service:164: [get_token_info_by_symbol] Token attributes: {'name': 'USD Coin', 'symbol': 'USDC', 'decimals': 6, 'mint_addresses': {<SolanaNetwork.MAINNET: 'mainnet'>: 'EPjFWdd5AufqSSqeM2qN1xzybapC8G4wEGGkZwyTDt1v'}, 'logo_uri': 'https://raw.githubusercontent.com/solana-labs/token-list/main/assets/mainnet/EPjFWdd5AufqSSqeM2qN1xzybapC8G4wEGGkZwyTDt1v/logo.png', 'token_type': <TokenType.FUNGIBLE: 'fungible'>}
2024-12-22 08:56:35,692 [ERROR] spl_token.service:166: [get_token_info_by_symbol] Token USDC not found on network SolanaNetwork.DEVNET
2024-12-22 08:56:35,692 [ERROR] spl_token.service:167: [get_token_info_by_symbol] Available networks: [<SolanaNetwork.MAINNET: 'mainnet'>]
2024-12-22 08:56:35,692 [ERROR] spl_token.service:168: [get_token_info_by_symbol] Token mint addresses: {<SolanaNetwork.MAINNET: 'mainnet'>: 'EPjFWdd5AufqSSqeM2qN1xzybapC8G4wEGGkZwyTDt1v'}
2024-12-22 08:56:35,692 [ERROR] spl_token.service:169: [get_token_info_by_symbol] Token attributes: {'name': 'USD Coin', 'symbol': 'USDC', 'decimals': 6, 'mint_addresses': {<SolanaNetwork.MAINNET: 'mainnet'>: 'EPjFWdd5AufqSSqeM2qN1xzybapC8G4wEGGkZwyTDt1v'}, 'logo_uri': 'https://raw.githubusercontent.com/solana-labs/token-list/main/assets/mainnet/EPjFWdd5AufqSSqeM2qN1xzybapC8G4wEGGkZwyTDt1v/logo.png', 'token_type': <TokenType.FUNGIBLE: 'fungible'>}
ERROR    goat_sdk.plugins.spl_token.monitoring:monitoring.py:51 [get_token_info_by_symbol][trace_operation] Error in function execution
ERROR    goat_sdk.plugins.spl_token.monitoring:monitoring.py:52 [get_token_info_by_symbol][trace_operation] Error type: <class 'goat_sdk.plugins.spl_token.exceptions.TokenNotFoundError'>
ERROR    goat_sdk.plugins.spl_token.monitoring:monitoring.py:53 [get_token_info_by_symbol][trace_operation] Error message: Token not found with symbol: USDC
ERROR    goat_sdk.plugins.spl_token.monitoring:monitoring.py:54 [get_token_info_by_symbol][trace_operation] Error attributes: {'symbol': 'USDC'}
ERROR    goat_sdk.plugins.spl_token.monitoring:monitoring.py:56 [get_token_info_by_symbol][trace_operation] Caused by: None
ERROR    goat_sdk.plugins.spl_token.monitoring:monitoring.py:58 [get_token_info_by_symbol][trace_operation] Context: None
ERROR    goat_sdk.plugins.spl_token.monitoring:monitoring.py:59 [get_token_info_by_symbol][trace_operation] Error traceback:
Traceback (most recent call last):
  File "/Users/ilessio/dev-agents/mode_hack/goat/python_goat/goat_sdk/plugins/spl_token/monitoring.py", line 75, in wrapper
    result = await func(*args, **kwargs)
             ^^^^^^^^^^^^^^^^^^^^^^^^^^^
  File "/Users/ilessio/dev-agents/mode_hack/goat/python_goat/goat_sdk/plugins/spl_token/spl_token_service.py", line 170, in get_token_info_by_symbol
    raise TokenNotFoundError(matching_token.symbol)
goat_sdk.plugins.spl_token.exceptions.TokenNotFoundError: Token not found with symbol: USDC
ERROR    goat_sdk.plugins.spl_token.monitoring:monitoring.py:51 [get_token_info_by_symbol][with_retries] Error in non-retryable error
ERROR    goat_sdk.plugins.spl_token.monitoring:monitoring.py:52 [get_token_info_by_symbol][with_retries] Error type: <class 'goat_sdk.plugins.spl_token.exceptions.TokenNotFoundError'>
ERROR    goat_sdk.plugins.spl_token.monitoring:monitoring.py:53 [get_token_info_by_symbol][with_retries] Error message: Token not found with symbol: USDC
ERROR    goat_sdk.plugins.spl_token.monitoring:monitoring.py:54 [get_token_info_by_symbol][with_retries] Error attributes: {'symbol': 'USDC'}
ERROR    goat_sdk.plugins.spl_token.monitoring:monitoring.py:56 [get_token_info_by_symbol][with_retries] Caused by: None
ERROR    goat_sdk.plugins.spl_token.monitoring:monitoring.py:58 [get_token_info_by_symbol][with_retries] Context: None
ERROR    goat_sdk.plugins.spl_token.monitoring:monitoring.py:59 [get_token_info_by_symbol][with_retries] Error traceback:
Traceback (most recent call last):
  File "/Users/ilessio/dev-agents/mode_hack/goat/python_goat/goat_sdk/plugins/spl_token/monitoring.py", line 111, in wrapper
    result = await func(*args, **kwargs)
             ^^^^^^^^^^^^^^^^^^^^^^^^^^^
  File "/Users/ilessio/dev-agents/mode_hack/goat/python_goat/goat_sdk/plugins/spl_token/monitoring.py", line 75, in wrapper
    result = await func(*args, **kwargs)
             ^^^^^^^^^^^^^^^^^^^^^^^^^^^
  File "/Users/ilessio/dev-agents/mode_hack/goat/python_goat/goat_sdk/plugins/spl_token/spl_token_service.py", line 170, in get_token_info_by_symbol
    raise TokenNotFoundError(matching_token.symbol)
goat_sdk.plugins.spl_token.exceptions.TokenNotFoundError: Token not found with symbol: USDC
ERROR    goat_sdk.plugins.spl_token.monitoring:monitoring.py:51 [get_token_info_by_symbol][monitor_mode_performance] Error in performance monitoring
ERROR    goat_sdk.plugins.spl_token.monitoring:monitoring.py:52 [get_token_info_by_symbol][monitor_mode_performance] Error type: <class 'goat_sdk.plugins.spl_token.exceptions.TokenNotFoundError'>
ERROR    goat_sdk.plugins.spl_token.monitoring:monitoring.py:53 [get_token_info_by_symbol][monitor_mode_performance] Error message: Token not found with symbol: USDC
ERROR    goat_sdk.plugins.spl_token.monitoring:monitoring.py:54 [get_token_info_by_symbol][monitor_mode_performance] Error attributes: {'symbol': 'USDC'}
ERROR    goat_sdk.plugins.spl_token.monitoring:monitoring.py:56 [get_token_info_by_symbol][monitor_mode_performance] Caused by: None
ERROR    goat_sdk.plugins.spl_token.monitoring:monitoring.py:58 [get_token_info_by_symbol][monitor_mode_performance] Context: None
ERROR    goat_sdk.plugins.spl_token.monitoring:monitoring.py:59 [get_token_info_by_symbol][monitor_mode_performance] Error traceback:
Traceback (most recent call last):
  File "/Users/ilessio/dev-agents/mode_hack/goat/python_goat/goat_sdk/plugins/spl_token/monitoring.py", line 148, in wrapper
    result = await func(*args, **kwargs)
             ^^^^^^^^^^^^^^^^^^^^^^^^^^^
  File "/Users/ilessio/dev-agents/mode_hack/goat/python_goat/goat_sdk/plugins/spl_token/monitoring.py", line 111, in wrapper
    result = await func(*args, **kwargs)
             ^^^^^^^^^^^^^^^^^^^^^^^^^^^
  File "/Users/ilessio/dev-agents/mode_hack/goat/python_goat/goat_sdk/plugins/spl_token/monitoring.py", line 75, in wrapper
    result = await func(*args, **kwargs)
             ^^^^^^^^^^^^^^^^^^^^^^^^^^^
  File "/Users/ilessio/dev-agents/mode_hack/goat/python_goat/goat_sdk/plugins/spl_token/spl_token_service.py", line 170, in get_token_info_by_symbol
    raise TokenNotFoundError(matching_token.symbol)
goat_sdk.plugins.spl_token.exceptions.TokenNotFoundError: Token not found with symbol: USDC
2024-12-22 08:56:35,693 [DEBUG] spl_token.test:203: Caught expected TokenNotFoundError: Token not found with symbol: USDC
2024-12-22 08:56:35,693 [DEBUG] spl_token.test:204: Exception type: <class 'goat_sdk.plugins.spl_token.exceptions.TokenNotFoundError'>
2024-12-22 08:56:35,693 [DEBUG] spl_token.test:205: Exception attributes: {'symbol': 'USDC'}
2024-12-22 08:56:35,693 [DEBUG] spl_token.test:207: Network validation test passed
2024-12-22 08:56:35,693 [INFO] spl_token.test:209: test_get_token_info_by_symbol completed successfully
PASSED2024-12-22 08:56:35,694 [INFO] spl_token.test:50: 
================================================================================
2024-12-22 08:56:35,694 [INFO] spl_token.test:51: Test completed
2024-12-22 08:56:35,694 [INFO] spl_token.test:52: ================================================================================


------------------------------ live log teardown -------------------------------
DEBUG    asyncio:selector_events.py:54 Using selector: KqueueSelector

tests/plugins/spl_token/test_spl_token_service.py::test_get_token_balance_by_mint_address 
-------------------------------- live log setup --------------------------------
DEBUG    asyncio:selector_events.py:54 Using selector: KqueueSelector
2024-12-22 08:56:35,697 [INFO] spl_token.test:43: 
================================================================================
2024-12-22 08:56:35,697 [INFO] spl_token.test:44: Starting new test
2024-12-22 08:56:35,697 [INFO] spl_token.test:45: ================================================================================

2024-12-22 08:56:35,697 [INFO] spl_token.test:75: Creating SPL token service instance for testing
2024-12-22 08:56:35,697 [INFO] spl_token.service:106: Initializing SPL Token Service on network: SolanaNetwork.MAINNET
2024-12-22 08:56:35,697 [INFO] spl_token.service:109: Loaded 1 tokens
2024-12-22 08:56:35,697 [DEBUG] spl_token.service:111: Loaded token: USDC with mint addresses: {<SolanaNetwork.MAINNET: 'mainnet'>: 'EPjFWdd5AufqSSqeM2qN1xzybapC8G4wEGGkZwyTDt1v'}
2024-12-22 08:56:35,697 [DEBUG] spl_token.test:80: Created service with network: SolanaNetwork.MAINNET
2024-12-22 08:56:35,697 [DEBUG] spl_token.test:81: Available tokens: ['USDC']
2024-12-22 08:56:35,697 [INFO] spl_token.test:88: Setting up mock wallet client
2024-12-22 08:56:35,697 [DEBUG] spl_token.test:97: Set mock client public key: 5nia14g4hps6grCWs5mKW5V5mnSA1Mze9PbVqZLkoVkU
2024-12-22 08:56:35,697 [DEBUG] spl_token.test:100: Setting up mock connection
2024-12-22 08:56:35,698 [INFO] spl_token.test:138: Mock wallet client setup complete
2024-12-22 08:56:35,698 [INFO] spl_token.test:215: Testing get_token_balance_by_mint_address
2024-12-22 08:56:35,698 [DEBUG] spl_token.test:217: Setting up mock balance response
2024-12-22 08:56:35,698 [DEBUG] spl_token.test:226: Mock balance response: {'amount': '1000000', 'decimals': 6, 'uiAmount': 1.0, 'uiAmountString': '1.0'}
2024-12-22 08:56:35,699 [DEBUG] spl_token.test:231: Setting up mock account existence
2024-12-22 08:56:35,699 [DEBUG] spl_token.test:233: Mock exists return value: HWHvQhFmJB6gPtB6oXNw8PNM5hUWAhUnE4GFsKe254xZ
2024-12-22 08:56:35,699 [DEBUG] spl_token.test:236: Testing existing token account
2024-12-22 08:56:35,699 [DEBUG] spl_token.test:239: Using wallet address: 5nia14g4hps6grCWs5mKW5V5mnSA1Mze9PbVqZLkoVkU
2024-12-22 08:56:35,699 [DEBUG] spl_token.test:240: Using mint address: EPjFWdd5AufqSSqeM2qN1xzybapC8G4wEGGkZwyTDt1v
-------------------------------- live log call ---------------------------------
INFO     goat_sdk.plugins.spl_token.monitoring:monitoring.py:139 [get_token_balance_by_mint_address][monitor_mode_performance] Starting monitoring
DEBUG    goat_sdk.plugins.spl_token.monitoring:monitoring.py:143 [get_token_balance_by_mint_address][monitor_mode_performance] Network: SolanaNetwork.MAINNET
DEBUG    goat_sdk.plugins.spl_token.monitoring:monitoring.py:144 [get_token_balance_by_mint_address][monitor_mode_performance] Mode config: None
INFO     goat_sdk.plugins.spl_token.monitoring:monitoring.py:100 [get_token_balance_by_mint_address][with_retries] Starting retry wrapper
DEBUG    goat_sdk.plugins.spl_token.monitoring:monitoring.py:101 [get_token_balance_by_mint_address][with_retries] Max attempts: 3
DEBUG    goat_sdk.plugins.spl_token.monitoring:monitoring.py:102 [get_token_balance_by_mint_address][with_retries] Non-retryable exceptions: (<class 'goat_sdk.plugins.spl_token.exceptions.TokenTransferError'>, <class 'goat_sdk.plugins.spl_token.exceptions.TokenNotFoundError'>, <class 'goat_sdk.plugins.spl_token.exceptions.InvalidTokenAddressError'>)
DEBUG    goat_sdk.plugins.spl_token.monitoring:monitoring.py:110 [get_token_balance_by_mint_address][with_retries] Attempt 1/3
INFO     goat_sdk.plugins.spl_token.monitoring:monitoring.py:67 [get_token_balance_by_mint_address][trace_operation] Starting operation
DEBUG    goat_sdk.plugins.spl_token.monitoring:monitoring.py:68 [get_token_balance_by_mint_address][trace_operation] Function: get_token_balance_by_mint_address
DEBUG    goat_sdk.plugins.spl_token.monitoring:monitoring.py:69 [get_token_balance_by_mint_address][trace_operation] Args: (<goat_sdk.plugins.spl_token.spl_token_service.SplTokenService object at 0x11f7e9850>, <Mock id='4823358032'>, GetTokenBalanceByMintAddressParameters(wallet_address='5nia14g4hps6grCWs5mKW5V5mnSA1Mze9PbVqZLkoVkU', mint_address='EPjFWdd5AufqSSqeM2qN1xzybapC8G4wEGGkZwyTDt1v', token_symbol='USDC', mode_config=None))
DEBUG    goat_sdk.plugins.spl_token.monitoring:monitoring.py:70 [get_token_balance_by_mint_address][trace_operation] Kwargs: {}
DEBUG    goat_sdk.plugins.spl_token.monitoring:monitoring.py:74 [get_token_balance_by_mint_address][trace_operation] Executing function
2024-12-22 08:56:35,699 [INFO] spl_token.service:199: [get_token_balance_by_mint_address] Starting operation
2024-12-22 08:56:35,699 [DEBUG] spl_token.service:200: [get_token_balance_by_mint_address] Input parameters: wallet_address='5nia14g4hps6grCWs5mKW5V5mnSA1Mze9PbVqZLkoVkU' mint_address='EPjFWdd5AufqSSqeM2qN1xzybapC8G4wEGGkZwyTDt1v' token_symbol='USDC' mode_config=None
2024-12-22 08:56:35,699 [DEBUG] spl_token.service:201: [get_token_balance_by_mint_address] Wallet client: <Mock id='4823358032'>
2024-12-22 08:56:35,699 [DEBUG] spl_token.service:202: [get_token_balance_by_mint_address] Wallet client attributes: {'_mock_return_value': sentinel.DEFAULT, '_mock_parent': None, '_mock_name': None, '_mock_new_name': '', '_mock_new_parent': None, '_mock_sealed': False, '_spec_class': None, '_spec_set': None, '_spec_signature': None, '_mock_methods': None, '_spec_asyncs': [], '_mock_children': {'get_address': <AsyncMock name='mock.get_address' id='4823358608'>, 'connection': <AsyncMock name='mock.connection' id='4807864144'>, 'get_connection': <MagicMock name='mock.get_connection' id='4823365328'>}, '_mock_wraps': None, '_mock_delegate': None, '_mock_called': False, '_mock_call_args': None, '_mock_call_count': 0, '_mock_call_args_list': [], '_mock_mock_calls': [], 'method_calls': [], '_mock_unsafe': False, '_mock_side_effect': None, 'public_key': Pubkey(
    5nia14g4hps6grCWs5mKW5V5mnSA1Mze9PbVqZLkoVkU,
), 'keypair': Keypair(
    Keypair(
        Keypair {
            secret: SecretKey: [177, 117, 2, 87, 136, 64, 128, 152, 45, 48, 244, 206, 78, 242, 224, 234, 192, 53, 128, 10, 78, 205, 161, 115, 63, 155, 62, 106, 197, 104, 181, 53],
            public: PublicKey(CompressedEdwardsY: [71, 36, 226, 229, 125, 74, 177, 38, 157, 30, 11, 69, 219, 23, 196, 236, 83, 163, 123, 176, 224, 12, 221, 175, 50, 218, 4, 168, 11, 18, 81, 137]), EdwardsPoint{
            	X: FieldElement51([284597751783047, 1344493420479465, 1842692115100778, 57729378096042, 862996754359146]),
            	Y: FieldElement51([2040016145127989, 1383909843016685, 2060334909994121, 1298725160060990, 393815515196480]),
            	Z: FieldElement51([644278749953196, 563909153072832, 1671071696292817, 58241759135040, 788317854228122]),
            	T: FieldElement51([1523012015300896, 2022326199438606, 717741156086070, 2176004721161340, 2144717151067045])
            }),
        },
    ),
), 'get_address': <AsyncMock name='mock.get_address' id='4823358608'>, 'connection': <AsyncMock name='mock.connection' id='4807864144'>, 'get_connection': <MagicMock name='mock.get_connection' id='4823365328'>, 'send_and_confirm_transaction': <function mock_wallet_client.<locals>.mock_send_and_confirm_transaction at 0x11f654fe0>}
2024-12-22 08:56:35,699 [DEBUG] spl_token.service:203: [get_token_balance_by_mint_address] Current network: SolanaNetwork.MAINNET
2024-12-22 08:56:35,699 [DEBUG] spl_token.service:204: [get_token_balance_by_mint_address] Service instance: <goat_sdk.plugins.spl_token.spl_token_service.SplTokenService object at 0x11f7e9850>
2024-12-22 08:56:35,699 [DEBUG] spl_token.service:205: [get_token_balance_by_mint_address] Service instance attributes: {'network': <SolanaNetwork.MAINNET: 'mainnet'>, 'tokens': [Token(name='USD Coin', symbol='USDC', decimals=6, mint_addresses={<SolanaNetwork.MAINNET: 'mainnet'>: 'EPjFWdd5AufqSSqeM2qN1xzybapC8G4wEGGkZwyTDt1v'}, logo_uri='https://raw.githubusercontent.com/solana-labs/token-list/main/assets/mainnet/EPjFWdd5AufqSSqeM2qN1xzybapC8G4wEGGkZwyTDt1v/logo.png', token_type=<TokenType.FUNGIBLE: 'fungible'>)]}
2024-12-22 08:56:35,699 [DEBUG] spl_token.service:208: [get_token_balance_by_mint_address] Step: Finding token info
2024-12-22 08:56:35,699 [DEBUG] spl_token.service:213: [get_token_balance_by_mint_address] Found token: Token(name='USD Coin', symbol='USDC', decimals=6, mint_addresses={<SolanaNetwork.MAINNET: 'mainnet'>: 'EPjFWdd5AufqSSqeM2qN1xzybapC8G4wEGGkZwyTDt1v'}, logo_uri='https://raw.githubusercontent.com/solana-labs/token-list/main/assets/mainnet/EPjFWdd5AufqSSqeM2qN1xzybapC8G4wEGGkZwyTDt1v/logo.png', token_type=<TokenType.FUNGIBLE: 'fungible'>)
2024-12-22 08:56:35,699 [DEBUG] spl_token.service:215: [get_token_balance_by_mint_address] Token attributes: {'name': 'USD Coin', 'symbol': 'USDC', 'decimals': 6, 'mint_addresses': {<SolanaNetwork.MAINNET: 'mainnet'>: 'EPjFWdd5AufqSSqeM2qN1xzybapC8G4wEGGkZwyTDt1v'}, 'logo_uri': 'https://raw.githubusercontent.com/solana-labs/token-list/main/assets/mainnet/EPjFWdd5AufqSSqeM2qN1xzybapC8G4wEGGkZwyTDt1v/logo.png', 'token_type': <TokenType.FUNGIBLE: 'fungible'>}
2024-12-22 08:56:35,699 [DEBUG] spl_token.service:227: [get_token_balance_by_mint_address] Step: Finding associated token account
2024-12-22 08:56:35,699 [DEBUG] spl_token.service:228: [get_token_balance_by_mint_address] Wallet address: 5nia14g4hps6grCWs5mKW5V5mnSA1Mze9PbVqZLkoVkU
2024-12-22 08:56:35,699 [DEBUG] spl_token.service:229: [get_token_balance_by_mint_address] Mint address: EPjFWdd5AufqSSqeM2qN1xzybapC8G4wEGGkZwyTDt1v
2024-12-22 08:56:35,699 [DEBUG] spl_token.service:235: [get_token_balance_by_mint_address] Token account lookup result: HWHvQhFmJB6gPtB6oXNw8PNM5hUWAhUnE4GFsKe254xZ
2024-12-22 08:56:35,699 [DEBUG] spl_token.service:248: [get_token_balance_by_mint_address] Step: Getting token account balance
2024-12-22 08:56:35,699 [DEBUG] spl_token.service:249: [get_token_balance_by_mint_address] Token account: HWHvQhFmJB6gPtB6oXNw8PNM5hUWAhUnE4GFsKe254xZ
2024-12-22 08:56:35,699 [DEBUG] spl_token.service:251: [get_token_balance_by_mint_address] Getting connection
2024-12-22 08:56:35,700 [DEBUG] spl_token.service:253: [get_token_balance_by_mint_address] Connection: <AsyncMock name='mock.connection' id='4807864144'>
2024-12-22 08:56:35,701 [DEBUG] spl_token.service:254: [get_token_balance_by_mint_address] Connection attributes: {'_mock_return_value': sentinel.DEFAULT, '_mock_parent': <Mock id='4823358032'>, '_mock_name': 'connection', '_mock_new_name': 'connection', '_mock_new_parent': <Mock id='4823358032'>, '_mock_sealed': False, '_spec_class': None, '_spec_set': None, '_spec_signature': None, '_mock_methods': None, '_spec_asyncs': [], '_mock_children': {'get_token_account_balance': <AsyncMock name='mock.connection.get_token_account_balance' id='4823414032'>, '__str__': <MagicMock name='mock.connection.__str__' id='4823433616'>}, '_mock_wraps': None, '_mock_delegate': None, '_mock_called': False, '_mock_call_args': None, '_mock_call_count': 0, '_mock_call_args_list': [], '_mock_mock_calls': [call.__str__()], 'method_calls': [], '_mock_unsafe': False, '_mock_side_effect': None, '_is_coroutine': <object object at 0x104d70d50>, '_mock_await_count': 0, '_mock_await_args': None, '_mock_await_args_list': [], '__code__': <NonCallableMock spec_set='code' id='4823365456'>, '__name__': 'AsyncMock', '__defaults__': (), '__kwdefaults__': {}, '__annotations__': None, 'get_token_account_balance': <AsyncMock name='mock.connection.get_token_account_balance' id='4823414032'>, 'get_account_info': <function mock_wallet_client.<locals>.mock_get_account_info at 0x11f657ce0>, 'send_transaction': <function mock_wallet_client.<locals>.mock_send_transaction at 0x11f656700>, 'get_latest_blockhash': <function mock_wallet_client.<locals>.mock_get_latest_blockhash at 0x11f656020>, '__str__': <MagicMock name='mock.connection.__str__' id='4823433616'>}
2024-12-22 08:56:35,701 [DEBUG] spl_token.service:256: [get_token_balance_by_mint_address] Getting token account balance
2024-12-22 08:56:35,701 [DEBUG] spl_token.service:260: [get_token_balance_by_mint_address] Balance response: <MagicMock id='4823409040'>
2024-12-22 08:56:35,701 [DEBUG] spl_token.service:264: [get_token_balance_by_mint_address] Balance value: {'amount': '1000000', 'decimals': 6, 'uiAmount': 1.0, 'uiAmountString': '1.0'}
2024-12-22 08:56:35,701 [DEBUG] spl_token.service:287: [get_token_balance_by_mint_address] Creating TokenBalance response
2024-12-22 08:56:35,701 [DEBUG] spl_token.service:288: [get_token_balance_by_mint_address] Token symbol: USDC
2024-12-22 08:56:35,701 [DEBUG] spl_token.service:289: [get_token_balance_by_mint_address] Amount: 1.0
2024-12-22 08:56:35,701 [DEBUG] spl_token.service:290: [get_token_balance_by_mint_address] Mint address: EPjFWdd5AufqSSqeM2qN1xzybapC8G4wEGGkZwyTDt1v
2024-12-22 08:56:35,701 [DEBUG] spl_token.service:291: [get_token_balance_by_mint_address] Token account: HWHvQhFmJB6gPtB6oXNw8PNM5hUWAhUnE4GFsKe254xZ
DEBUG    goat_sdk.plugins.spl_token.monitoring:monitoring.py:76 [get_token_balance_by_mint_address][trace_operation] Function completed successfully
DEBUG    goat_sdk.plugins.spl_token.monitoring:monitoring.py:112 [get_token_balance_by_mint_address][with_retries] Attempt 1 succeeded
DEBUG    goat_sdk.plugins.spl_token.monitoring:monitoring.py:150 [get_token_balance_by_mint_address][monitor_mode_performance] Operation completed in 0.002s
2024-12-22 08:56:35,701 [DEBUG] spl_token.test:250: Received balance: TokenBalance(token_symbol='USDC', amount=1.0, mint_address='EPjFWdd5AufqSSqeM2qN1xzybapC8G4wEGGkZwyTDt1v', token_account='HWHvQhFmJB6gPtB6oXNw8PNM5hUWAhUnE4GFsKe254xZ')
2024-12-22 08:56:35,701 [DEBUG] spl_token.test:260: Testing non-existent token account
INFO     goat_sdk.plugins.spl_token.monitoring:monitoring.py:139 [get_token_balance_by_mint_address][monitor_mode_performance] Starting monitoring
DEBUG    goat_sdk.plugins.spl_token.monitoring:monitoring.py:143 [get_token_balance_by_mint_address][monitor_mode_performance] Network: SolanaNetwork.MAINNET
DEBUG    goat_sdk.plugins.spl_token.monitoring:monitoring.py:144 [get_token_balance_by_mint_address][monitor_mode_performance] Mode config: None
INFO     goat_sdk.plugins.spl_token.monitoring:monitoring.py:100 [get_token_balance_by_mint_address][with_retries] Starting retry wrapper
DEBUG    goat_sdk.plugins.spl_token.monitoring:monitoring.py:101 [get_token_balance_by_mint_address][with_retries] Max attempts: 3
DEBUG    goat_sdk.plugins.spl_token.monitoring:monitoring.py:102 [get_token_balance_by_mint_address][with_retries] Non-retryable exceptions: (<class 'goat_sdk.plugins.spl_token.exceptions.TokenTransferError'>, <class 'goat_sdk.plugins.spl_token.exceptions.TokenNotFoundError'>, <class 'goat_sdk.plugins.spl_token.exceptions.InvalidTokenAddressError'>)
DEBUG    goat_sdk.plugins.spl_token.monitoring:monitoring.py:110 [get_token_balance_by_mint_address][with_retries] Attempt 1/3
INFO     goat_sdk.plugins.spl_token.monitoring:monitoring.py:67 [get_token_balance_by_mint_address][trace_operation] Starting operation
DEBUG    goat_sdk.plugins.spl_token.monitoring:monitoring.py:68 [get_token_balance_by_mint_address][trace_operation] Function: get_token_balance_by_mint_address
DEBUG    goat_sdk.plugins.spl_token.monitoring:monitoring.py:69 [get_token_balance_by_mint_address][trace_operation] Args: (<goat_sdk.plugins.spl_token.spl_token_service.SplTokenService object at 0x11f7e9850>, <Mock id='4823358032'>, GetTokenBalanceByMintAddressParameters(wallet_address='5nia14g4hps6grCWs5mKW5V5mnSA1Mze9PbVqZLkoVkU', mint_address='EPjFWdd5AufqSSqeM2qN1xzybapC8G4wEGGkZwyTDt1v', token_symbol='USDC', mode_config=None))
DEBUG    goat_sdk.plugins.spl_token.monitoring:monitoring.py:70 [get_token_balance_by_mint_address][trace_operation] Kwargs: {}
DEBUG    goat_sdk.plugins.spl_token.monitoring:monitoring.py:74 [get_token_balance_by_mint_address][trace_operation] Executing function
2024-12-22 08:56:35,701 [INFO] spl_token.service:199: [get_token_balance_by_mint_address] Starting operation
[...]
DEBUG    goat_sdk.plugins.spl_token.monitoring:monitoring.py:102 [get_token_info_by_symbol][with_retries] Non-retryable exceptions: (<class 'goat_sdk.plugins.spl_token.exceptions.TokenTransferError'>, <class 'goat_sdk.plugins.spl_token.exceptions.TokenNotFoundError'>, <class 'goat_sdk.plugins.spl_token.exceptions.InvalidTokenAddressError'>)
DEBUG    goat_sdk.plugins.spl_token.monitoring:monitoring.py:110 [get_token_info_by_symbol][with_retries] Attempt 1/3
INFO     goat_sdk.plugins.spl_token.monitoring:monitoring.py:67 [get_token_info_by_symbol][trace_operation] Starting operation
DEBUG    goat_sdk.plugins.spl_token.monitoring:monitoring.py:68 [get_token_info_by_symbol][trace_operation] Function: get_token_info_by_symbol
DEBUG    goat_sdk.plugins.spl_token.monitoring:monitoring.py:69 [get_token_info_by_symbol][trace_operation] Args: (<goat_sdk.plugins.spl_token.spl_token_service.SplTokenService object at 0x11f6ab290>, GetTokenInfoBySymbolParameters(symbol='USDC', mode_config=None))
DEBUG    goat_sdk.plugins.spl_token.monitoring:monitoring.py:70 [get_token_info_by_symbol][trace_operation] Kwargs: {}
DEBUG    goat_sdk.plugins.spl_token.monitoring:monitoring.py:74 [get_token_info_by_symbol][trace_operation] Executing function
DEBUG    goat_sdk.plugins.spl_token.monitoring:monitoring.py:76 [get_token_info_by_symbol][trace_operation] Function completed successfully
DEBUG    goat_sdk.plugins.spl_token.monitoring:monitoring.py:112 [get_token_info_by_symbol][with_retries] Attempt 1 succeeded
DEBUG    goat_sdk.plugins.spl_token.monitoring:monitoring.py:150 [get_token_info_by_symbol][monitor_mode_performance] Operation completed in 0.001s
INFO     goat_sdk.plugins.spl_token.monitoring:monitoring.py:139 [get_token_balance_by_mint_address][monitor_mode_performance] Starting monitoring
DEBUG    goat_sdk.plugins.spl_token.monitoring:monitoring.py:143 [get_token_balance_by_mint_address][monitor_mode_performance] Network: SolanaNetwork.DEVNET
DEBUG    goat_sdk.plugins.spl_token.monitoring:monitoring.py:144 [get_token_balance_by_mint_address][monitor_mode_performance] Mode config: None
INFO     goat_sdk.plugins.spl_token.monitoring:monitoring.py:100 [get_token_balance_by_mint_address][with_retries] Starting retry wrapper
DEBUG    goat_sdk.plugins.spl_token.monitoring:monitoring.py:101 [get_token_balance_by_mint_address][with_retries] Max attempts: 3
DEBUG    goat_sdk.plugins.spl_token.monitoring:monitoring.py:102 [get_token_balance_by_mint_address][with_retries] Non-retryable exceptions: (<class 'goat_sdk.plugins.spl_token.exceptions.TokenTransferError'>, <class 'goat_sdk.plugins.spl_token.exceptions.TokenNotFoundError'>, <class 'goat_sdk.plugins.spl_token.exceptions.InvalidTokenAddressError'>)
DEBUG    goat_sdk.plugins.spl_token.monitoring:monitoring.py:110 [get_token_balance_by_mint_address][with_retries] Attempt 1/3
INFO     goat_sdk.plugins.spl_token.monitoring:monitoring.py:67 [get_token_balance_by_mint_address][trace_operation] Starting operation
DEBUG    goat_sdk.plugins.spl_token.monitoring:monitoring.py:68 [get_token_balance_by_mint_address][trace_operation] Function: get_token_balance_by_mint_address
DEBUG    goat_sdk.plugins.spl_token.monitoring:monitoring.py:69 [get_token_balance_by_mint_address][trace_operation] Args: (<goat_sdk.plugins.spl_token.spl_token_service.SplTokenService object at 0x11f6ab290>, <AsyncMock id='4822042512'>, GetTokenBalanceByMintAddressParameters(wallet_address='HUDDTggncU7LPD3iVDDcxF1zj4Dpu7ykB67ugWaz4ZjS', mint_address='4zMMC9srt5Ri5X14GAgXhaHii3GnPAEERYPJgZJDncDU', token_symbol='USDC', mode_config=None))
DEBUG    goat_sdk.plugins.spl_token.monitoring:monitoring.py:70 [get_token_balance_by_mint_address][trace_operation] Kwargs: {}
DEBUG    goat_sdk.plugins.spl_token.monitoring:monitoring.py:74 [get_token_balance_by_mint_address][trace_operation] Executing function
DEBUG    goat_sdk.plugins.spl_token.monitoring:monitoring.py:76 [get_token_balance_by_mint_address][trace_operation] Function completed successfully
DEBUG    goat_sdk.plugins.spl_token.monitoring:monitoring.py:112 [get_token_balance_by_mint_address][with_retries] Attempt 1 succeeded
DEBUG    goat_sdk.plugins.spl_token.monitoring:monitoring.py:150 [get_token_balance_by_mint_address][monitor_mode_performance] Operation completed in 0.001s
INFO     goat_sdk.plugins.spl_token.monitoring:monitoring.py:139 [transfer_token_by_mint_address][monitor_mode_performance] Starting monitoring
DEBUG    goat_sdk.plugins.spl_token.monitoring:monitoring.py:143 [transfer_token_by_mint_address][monitor_mode_performance] Network: SolanaNetwork.DEVNET
DEBUG    goat_sdk.plugins.spl_token.monitoring:monitoring.py:144 [transfer_token_by_mint_address][monitor_mode_performance] Mode config: None
INFO     goat_sdk.plugins.spl_token.monitoring:monitoring.py:100 [transfer_token_by_mint_address][with_retries] Starting retry wrapper
DEBUG    goat_sdk.plugins.spl_token.monitoring:monitoring.py:101 [transfer_token_by_mint_address][with_retries] Max attempts: 3
DEBUG    goat_sdk.plugins.spl_token.monitoring:monitoring.py:102 [transfer_token_by_mint_address][with_retries] Non-retryable exceptions: (<class 'goat_sdk.plugins.spl_token.exceptions.TokenTransferError'>, <class 'goat_sdk.plugins.spl_token.exceptions.TokenNotFoundError'>, <class 'goat_sdk.plugins.spl_token.exceptions.InvalidTokenAddressError'>)
DEBUG    goat_sdk.plugins.spl_token.monitoring:monitoring.py:110 [transfer_token_by_mint_address][with_retries] Attempt 1/3
INFO     goat_sdk.plugins.spl_token.monitoring:monitoring.py:67 [transfer_token_by_mint_address][trace_operation] Starting operation
DEBUG    goat_sdk.plugins.spl_token.monitoring:monitoring.py:68 [transfer_token_by_mint_address][trace_operation] Function: transfer_token_by_mint_address
DEBUG    goat_sdk.plugins.spl_token.monitoring:monitoring.py:69 [transfer_token_by_mint_address][trace_operation] Args: (<goat_sdk.plugins.spl_token.spl_token_service.SplTokenService object at 0x11f6ab290>, <AsyncMock id='4822042512'>, TransferTokenByMintAddressParameters(to='7WNkYJqgvr1HJtHqh6BV5sHn2HgXtjEeHJ5MhDRqMY9y', mint_address='4zMMC9srt5Ri5X14GAgXhaHii3GnPAEERYPJgZJDncDU', amount=1000000, mode_config=None))
DEBUG    goat_sdk.plugins.spl_token.monitoring:monitoring.py:70 [transfer_token_by_mint_address][trace_operation] Kwargs: {}
DEBUG    goat_sdk.plugins.spl_token.monitoring:monitoring.py:74 [transfer_token_by_mint_address][trace_operation] Executing function
ERROR    goat_sdk.plugins.spl_token.monitoring:monitoring.py:51 [transfer_token_by_mint_address][trace_operation] Error in function execution
ERROR    goat_sdk.plugins.spl_token.monitoring:monitoring.py:52 [transfer_token_by_mint_address][trace_operation] Error type: <class 'goat_sdk.plugins.spl_token.exceptions.TokenTransferError'>
ERROR    goat_sdk.plugins.spl_token.monitoring:monitoring.py:53 [transfer_token_by_mint_address][trace_operation] Error message: Token transfer failed: Source Token token account not found for address: HUDDTggncU7LPD3iVDDcxF1zj4Dpu7ykB67ugWaz4ZjS
ERROR    goat_sdk.plugins.spl_token.monitoring:monitoring.py:54 [transfer_token_by_mint_address][trace_operation] Error attributes: {'details': {}}
ERROR    goat_sdk.plugins.spl_token.monitoring:monitoring.py:56 [transfer_token_by_mint_address][trace_operation] Caused by: Source Token token account not found for address: HUDDTggncU7LPD3iVDDcxF1zj4Dpu7ykB67ugWaz4ZjS
ERROR    goat_sdk.plugins.spl_token.monitoring:monitoring.py:58 [transfer_token_by_mint_address][trace_operation] Context: Source Token token account not found for address: HUDDTggncU7LPD3iVDDcxF1zj4Dpu7ykB67ugWaz4ZjS
ERROR    goat_sdk.plugins.spl_token.monitoring:monitoring.py:59 [transfer_token_by_mint_address][trace_operation] Error traceback:
Traceback (most recent call last):
  File "/Users/ilessio/dev-agents/mode_hack/goat/python_goat/goat_sdk/plugins/spl_token/spl_token_service.py", line 356, in transfer_token_by_mint_address
    raise TokenAccountNotFoundError(
goat_sdk.plugins.spl_token.exceptions.TokenAccountNotFoundError: Source Token token account not found for address: HUDDTggncU7LPD3iVDDcxF1zj4Dpu7ykB67ugWaz4ZjS

The above exception was the direct cause of the following exception:

Traceback (most recent call last):
  File "/Users/ilessio/dev-agents/mode_hack/goat/python_goat/goat_sdk/plugins/spl_token/monitoring.py", line 75, in wrapper
    result = await func(*args, **kwargs)
             ^^^^^^^^^^^^^^^^^^^^^^^^^^^
  File "/Users/ilessio/dev-agents/mode_hack/goat/python_goat/goat_sdk/plugins/spl_token/spl_token_service.py", line 446, in transfer_token_by_mint_address
    raise TokenTransferError(str(e)) from e
goat_sdk.plugins.spl_token.exceptions.TokenTransferError: Token transfer failed: Source Token token account not found for address: HUDDTggncU7LPD3iVDDcxF1zj4Dpu7ykB67ugWaz4ZjS
ERROR    goat_sdk.plugins.spl_token.monitoring:monitoring.py:51 [transfer_token_by_mint_address][with_retries] Error in non-retryable error
ERROR    goat_sdk.plugins.spl_token.monitoring:monitoring.py:52 [transfer_token_by_mint_address][with_retries] Error type: <class 'goat_sdk.plugins.spl_token.exceptions.TokenTransferError'>
ERROR    goat_sdk.plugins.spl_token.monitoring:monitoring.py:53 [transfer_token_by_mint_address][with_retries] Error message: Token transfer failed: Source Token token account not found for address: HUDDTggncU7LPD3iVDDcxF1zj4Dpu7ykB67ugWaz4ZjS
ERROR    goat_sdk.plugins.spl_token.monitoring:monitoring.py:54 [transfer_token_by_mint_address][with_retries] Error attributes: {'details': {}}
ERROR    goat_sdk.plugins.spl_token.monitoring:monitoring.py:56 [transfer_token_by_mint_address][with_retries] Caused by: Source Token token account not found for address: HUDDTggncU7LPD3iVDDcxF1zj4Dpu7ykB67ugWaz4ZjS
ERROR    goat_sdk.plugins.spl_token.monitoring:monitoring.py:58 [transfer_token_by_mint_address][with_retries] Context: Source Token token account not found for address: HUDDTggncU7LPD3iVDDcxF1zj4Dpu7ykB67ugWaz4ZjS
ERROR    goat_sdk.plugins.spl_token.monitoring:monitoring.py:59 [transfer_token_by_mint_address][with_retries] Error traceback:
Traceback (most recent call last):
  File "/Users/ilessio/dev-agents/mode_hack/goat/python_goat/goat_sdk/plugins/spl_token/spl_token_service.py", line 356, in transfer_token_by_mint_address
    raise TokenAccountNotFoundError(
goat_sdk.plugins.spl_token.exceptions.TokenAccountNotFoundError: Source Token token account not found for address: HUDDTggncU7LPD3iVDDcxF1zj4Dpu7ykB67ugWaz4ZjS

The above exception was the direct cause of the following exception:

Traceback (most recent call last):
  File "/Users/ilessio/dev-agents/mode_hack/goat/python_goat/goat_sdk/plugins/spl_token/monitoring.py", line 111, in wrapper
    result = await func(*args, **kwargs)
             ^^^^^^^^^^^^^^^^^^^^^^^^^^^
  File "/Users/ilessio/dev-agents/mode_hack/goat/python_goat/goat_sdk/plugins/spl_token/monitoring.py", line 75, in wrapper
    result = await func(*args, **kwargs)
             ^^^^^^^^^^^^^^^^^^^^^^^^^^^
  File "/Users/ilessio/dev-agents/mode_hack/goat/python_goat/goat_sdk/plugins/spl_token/spl_token_service.py", line 446, in transfer_token_by_mint_address
    raise TokenTransferError(str(e)) from e
goat_sdk.plugins.spl_token.exceptions.TokenTransferError: Token transfer failed: Source Token token account not found for address: HUDDTggncU7LPD3iVDDcxF1zj4Dpu7ykB67ugWaz4ZjS
ERROR    goat_sdk.plugins.spl_token.monitoring:monitoring.py:51 [transfer_token_by_mint_address][monitor_mode_performance] Error in performance monitoring
ERROR    goat_sdk.plugins.spl_token.monitoring:monitoring.py:52 [transfer_token_by_mint_address][monitor_mode_performance] Error type: <class 'goat_sdk.plugins.spl_token.exceptions.TokenTransferError'>
ERROR    goat_sdk.plugins.spl_token.monitoring:monitoring.py:53 [transfer_token_by_mint_address][monitor_mode_performance] Error message: Token transfer failed: Source Token token account not found for address: HUDDTggncU7LPD3iVDDcxF1zj4Dpu7ykB67ugWaz4ZjS
ERROR    goat_sdk.plugins.spl_token.monitoring:monitoring.py:54 [transfer_token_by_mint_address][monitor_mode_performance] Error attributes: {'details': {}}
ERROR    goat_sdk.plugins.spl_token.monitoring:monitoring.py:56 [transfer_token_by_mint_address][monitor_mode_performance] Caused by: Source Token token account not found for address: HUDDTggncU7LPD3iVDDcxF1zj4Dpu7ykB67ugWaz4ZjS
ERROR    goat_sdk.plugins.spl_token.monitoring:monitoring.py:58 [transfer_token_by_mint_address][monitor_mode_performance] Context: Source Token token account not found for address: HUDDTggncU7LPD3iVDDcxF1zj4Dpu7ykB67ugWaz4ZjS
ERROR    goat_sdk.plugins.spl_token.monitoring:monitoring.py:59 [transfer_token_by_mint_address][monitor_mode_performance] Error traceback:
Traceback (most recent call last):
  File "/Users/ilessio/dev-agents/mode_hack/goat/python_goat/goat_sdk/plugins/spl_token/spl_token_service.py", line 356, in transfer_token_by_mint_address
    raise TokenAccountNotFoundError(
goat_sdk.plugins.spl_token.exceptions.TokenAccountNotFoundError: Source Token token account not found for address: HUDDTggncU7LPD3iVDDcxF1zj4Dpu7ykB67ugWaz4ZjS

The above exception was the direct cause of the following exception:

Traceback (most recent call last):
  File "/Users/ilessio/dev-agents/mode_hack/goat/python_goat/goat_sdk/plugins/spl_token/monitoring.py", line 148, in wrapper
    result = await func(*args, **kwargs)
             ^^^^^^^^^^^^^^^^^^^^^^^^^^^
  File "/Users/ilessio/dev-agents/mode_hack/goat/python_goat/goat_sdk/plugins/spl_token/monitoring.py", line 111, in wrapper
    result = await func(*args, **kwargs)
             ^^^^^^^^^^^^^^^^^^^^^^^^^^^
  File "/Users/ilessio/dev-agents/mode_hack/goat/python_goat/goat_sdk/plugins/spl_token/monitoring.py", line 75, in wrapper
    result = await func(*args, **kwargs)
             ^^^^^^^^^^^^^^^^^^^^^^^^^^^
  File "/Users/ilessio/dev-agents/mode_hack/goat/python_goat/goat_sdk/plugins/spl_token/spl_token_service.py", line 446, in transfer_token_by_mint_address
    raise TokenTransferError(str(e)) from e
goat_sdk.plugins.spl_token.exceptions.TokenTransferError: Token transfer failed: Source Token token account not found for address: HUDDTggncU7LPD3iVDDcxF1zj4Dpu7ykB67ugWaz4ZjS
---------------------------- Captured log teardown -----------------------------
DEBUG    asyncio:selector_events.py:54 Using selector: KqueueSelector
________________________ test_does_account_exist_false _________________________
tests/plugins/spl_token/utils/test_does_account_exist.py:39: in test_does_account_exist_false
    assert account is None
E   assert False is None
------------------------------ Captured log setup ------------------------------
DEBUG    asyncio:selector_events.py:54 Using selector: KqueueSelector
------------------------------ Captured log call -------------------------------
DEBUG    goat_sdk.plugins.spl_token.utils.does_account_exist:does_account_exist.py:62 [does_account_exist] Checking token account for owner: 11111111111111111111111111111111, mint: EPjFWdd5AufqSSqeM2qN1xzybapC8G4wEGGkZwyTDt1v
DEBUG    goat_sdk.plugins.spl_token.utils.does_account_exist:does_account_exist.py:66 [does_account_exist] Associated token account address: HJt8Tjdsc9ms9i4WCZEzhzr4oyf3ANcdzXrNdLPFqm3M
DEBUG    goat_sdk.plugins.spl_token.utils.does_account_exist:does_account_exist.py:71 [does_account_exist] Initial account info response: <MagicMock name='mock.get_account_info()' id='4823447952'>
DEBUG    goat_sdk.plugins.spl_token.utils.does_account_exist:does_account_exist.py:81 [does_account_exist] Retry attempt 1/2
DEBUG    goat_sdk.plugins.spl_token.utils.does_account_exist:does_account_exist.py:85 [does_account_exist] Retry account info response: <MagicMock name='mock.get_account_info()' id='4823447952'>
DEBUG    goat_sdk.plugins.spl_token.utils.does_account_exist:does_account_exist.py:81 [does_account_exist] Retry attempt 2/2
DEBUG    goat_sdk.plugins.spl_token.utils.does_account_exist:does_account_exist.py:85 [does_account_exist] Retry account info response: <MagicMock name='mock.get_account_info()' id='4823447952'>
DEBUG    goat_sdk.plugins.spl_token.utils.does_account_exist:does_account_exist.py:91 [does_account_exist] Token account does not exist after all attempts
---------------------------- Captured log teardown -----------------------------
DEBUG    asyncio:selector_events.py:54 Using selector: KqueueSelector
___________________________ test_does_account_exist ____________________________
tests/plugins/spl_token/utils/test_token_utils.py:100: in test_does_account_exist
    assert account is None
E   assert False is None
------------------------------ Captured log setup ------------------------------
DEBUG    asyncio:selector_events.py:54 Using selector: KqueueSelector
------------------------------ Captured log call -------------------------------
DEBUG    goat_sdk.plugins.spl_token.utils.does_account_exist:does_account_exist.py:62 [does_account_exist] Checking token account for owner: 5ZWj7a1f8tWkjBESHKgrLmXshuXxqeGWh9r9TE6aafPF, mint: EPjFWdd5AufqSSqeM2qN1xzybapC8G4wEGGkZwyTDt1v
DEBUG    goat_sdk.plugins.spl_token.utils.does_account_exist:does_account_exist.py:66 [does_account_exist] Associated token account address: TFsLPaKALiXSRnm9LqT8mmRbcK3AfKpPd8pAxAqBFMN
DEBUG    goat_sdk.plugins.spl_token.utils.does_account_exist:does_account_exist.py:71 [does_account_exist] Initial account info response: <MagicMock name='mock.get_account_info()' id='4822892688'>
DEBUG    goat_sdk.plugins.spl_token.utils.does_account_exist:does_account_exist.py:75 [does_account_exist] Token account exists
DEBUG    goat_sdk.plugins.spl_token.utils.does_account_exist:does_account_exist.py:62 [does_account_exist] Checking token account for owner: 5ZWj7a1f8tWkjBESHKgrLmXshuXxqeGWh9r9TE6aafPF, mint: EPjFWdd5AufqSSqeM2qN1xzybapC8G4wEGGkZwyTDt1v
DEBUG    goat_sdk.plugins.spl_token.utils.does_account_exist:does_account_exist.py:66 [does_account_exist] Associated token account address: TFsLPaKALiXSRnm9LqT8mmRbcK3AfKpPd8pAxAqBFMN
DEBUG    goat_sdk.plugins.spl_token.utils.does_account_exist:does_account_exist.py:71 [does_account_exist] Initial account info response: <MagicMock name='mock.get_account_info()' id='4822892688'>
DEBUG    goat_sdk.plugins.spl_token.utils.does_account_exist:does_account_exist.py:81 [does_account_exist] Retry attempt 1/2
DEBUG    goat_sdk.plugins.spl_token.utils.does_account_exist:does_account_exist.py:85 [does_account_exist] Retry account info response: <MagicMock name='mock.get_account_info()' id='4822892688'>
DEBUG    goat_sdk.plugins.spl_token.utils.does_account_exist:does_account_exist.py:81 [does_account_exist] Retry attempt 2/2
DEBUG    goat_sdk.plugins.spl_token.utils.does_account_exist:does_account_exist.py:85 [does_account_exist] Retry account info response: <MagicMock name='mock.get_account_info()' id='4822892688'>
DEBUG    goat_sdk.plugins.spl_token.utils.does_account_exist:does_account_exist.py:91 [does_account_exist] Token account does not exist after all attempts
---------------------------- Captured log teardown -----------------------------
DEBUG    asyncio:selector_events.py:54 Using selector: KqueueSelector
=========================== short test summary info ============================
FAILED tests/plugins/spl_token/test_spl_token_service.py::test_transfer_token_by_mint_address
FAILED tests/plugins/spl_token/test_spl_token_service_integration.py::test_full_token_transfer_flow
FAILED tests/plugins/spl_token/utils/test_does_account_exist.py::test_does_account_exist_false
FAILED tests/plugins/spl_token/utils/test_token_utils.py::test_does_account_exist
========================= 4 failed, 31 passed in 6.36s =========================
pytest-xprocess reminder::Be sure to terminate the started process by running 'pytest --xkill' if you have not explicitly done so in your fixture with 'xprocess.getinfo(<process_name>).terminate()'.
